<?xml version="1.0" encoding="UTF-8"?>
<!-- Generated by org.testng.reporters.JUnitReportReporter -->
<testsuite hostname="DESKTOP-CPG5TUI" failures="0" tests="15" name="testScripts.ShippingPageTest" time="409.454" errors="0" timestamp="2024-02-07T15:18:26 IST" skipped="0">
  <testcase classname="testScripts.ShippingPageTest" name="verifyingEtgLogoDisplayInShippingPageTasks_Page" time="0.095"/>
  <system-out/>
  <testcase classname="testScripts.ShippingPageTest" name="verifyingNextPaymentButtonDisplayInShippingPageTasks_Page" time="0.099"/>
  <system-out/>
  <testcase classname="testScripts.ShippingPageTest" name="verifyingOrderSummaryDisplayInShippingPageTasks_Page" time="0.144"/>
  <system-out/>
  <testcase classname="testScripts.ShippingPageTest" name="verifyingUpdateShippingAddressAndPlaceOrder" time="54.370"/>
  <system-out/>
  <testcase classname="testScripts.ShippingPageTest" name="verifyingAllErrorsInShippingForm" time="5.019"/>
  <system-out/>
  <testcase classname="testScripts.ShippingPageTest" name="verifyingWithValidShippingAddress" time="15.169"/>
  <system-out/>
  <testcase classname="testScripts.ShippingPageTest" name="verifyingAddNewShippingAddressAndPlaceOrder" time="0.109"/>
  <system-out/>
  <testcase classname="testScripts.ShippingPageTest" name="verifyingTheCustomerInfoInCheckoutPage2" time="57.039"/>
  <system-out/>
  <testcase classname="testScripts.ShippingPageTest" name="verifyingPaginationOfProductsInCheckOutPage2" time="151.373"/>
  <system-out/>
  <testcase classname="testScripts.ShippingPageTest" name="verifyingTheErrorsInFirstName" time="15.860"/>
  <system-out/>
  <testcase classname="testScripts.ShippingPageTest" name="verifyingTheErrorsInLastName" time="16.694"/>
  <system-out/>
  <testcase classname="testScripts.ShippingPageTest" name="verifyingTheAddressError" time="14.791"/>
  <system-out/>
  <testcase classname="testScripts.ShippingPageTest" name="verifyingBackToCartFromShippingPage" time="8.493"/>
  <system-out/>
  <testcase classname="testScripts.ShippingPageTest" name="verifyingEditEmailFromShippingPageAndPlaceOrder" time="54.249"/>
  <system-out/>
  <testcase classname="testScripts.ShippingPageTest" name="verifyingphoneNumberError" time="15.950"/>
  <system-out/>
</testsuite> <!-- testScripts.ShippingPageTest -->
