<?xml version="1.0" encoding="UTF-8"?>
<!-- Generated by org.testng.reporters.JUnitReportReporter -->
<testsuite hostname="DESKTOP-CPG5TUI" failures="0" tests="2" name="testScripts.FooterPageTest" time="9.584" errors="0" timestamp="2024-02-09T12:04:25 IST" skipped="0">
  <testcase classname="testScripts.FooterPageTest" name="verifyinginvalidEmailInEmailSignUpBox" time="1.364"/>
  <system-out/>
  <testcase classname="testScripts.FooterPageTest" name="verifyingResourceFooterLinks" time="8.220"/>
  <system-out/>
</testsuite> <!-- testScripts.FooterPageTest -->
