<?xml version="1.0" encoding="UTF-8"?>
<!-- Generated by org.testng.reporters.JUnitReportReporter -->
<testsuite hostname="DESKTOP-CPG5TUI" failures="0" tests="1" name="browser.launchBrowsering" time="11.205" errors="0" timestamp="2024-02-08T21:28:59 IST" skipped="0">
  <testcase classname="browser.launchBrowsering" name="verifyHomePageLaunching" time="11.205"/>
  <system-out/>
</testsuite> <!-- browser.launchBrowsering -->
