<?xml version="1.0" encoding="UTF-8"?>
<!-- Generated by org.testng.reporters.JUnitReportReporter -->
<testsuite hostname="DESKTOP-CPG5TUI" failures="0" tests="25" name="testScripts.PaymentPageTest" time="652.268" errors="0" timestamp="2024-02-07T15:18:26 IST" skipped="0">
  <testcase classname="testScripts.PaymentPageTest" name="verifyingTheCustomerInfoInPaymntPage" time="2.138"/>
  <system-out/>
  <testcase classname="testScripts.PaymentPageTest" name="verifyingUpdateBillingAddressAndPlaceOrder" time="49.823"/>
  <system-out/>
  <testcase classname="testScripts.PaymentPageTest" name="verifyingAddnewCreditCard" time="2.126"/>
  <system-out/>
  <testcase classname="testScripts.PaymentPageTest" name="verifyingCreditcardWithValidDetails" time="10.845"/>
  <system-out/>
  <testcase classname="testScripts.PaymentPageTest" name="verifyingCvvAndExpErrorInCreditCard" time="13.986"/>
  <system-out/>
  <testcase classname="testScripts.PaymentPageTest" name="verifyingCreditCardInCompleteExpYearError" time="9.619"/>
  <system-out/>
  <testcase classname="testScripts.PaymentPageTest" name="verifyingEnterGiftCodeErrorMsg" time="72.668"/>
  <system-out/>
  <testcase classname="testScripts.PaymentPageTest" name="verifyingInvalidGcErrorMsg" time="6.456"/>
  <system-out/>
  <testcase classname="testScripts.PaymentPageTest" name="verifyingCreditcardNumberInValidError" time="6.467"/>
  <system-out/>
  <testcase classname="testScripts.PaymentPageTest" name="verifyingCreditCardInCompleteCvvError" time="9.549"/>
  <system-out/>
  <testcase classname="testScripts.PaymentPageTest" name="verifyingAllTheErrorsInCreditCard" time="7.569"/>
  <system-out/>
  <testcase classname="testScripts.PaymentPageTest" name="verifyingCreditCardExpDateInValid" time="8.090"/>
  <system-out/>
  <testcase classname="testScripts.PaymentPageTest" name="verifyingAddNewBillingAddressFromPaymentPageAndPlaceOrder" time="135.278"/>
  <system-out/>
  <testcase classname="testScripts.PaymentPageTest" name="verifyingBackToCartInPaymentPage" time="38.813"/>
  <system-out/>
  <testcase classname="testScripts.PaymentPageTest" name="verifyingCheckBalanceOfInvalidGcErrorMsg" time="6.414"/>
  <system-out/>
  <testcase classname="testScripts.PaymentPageTest" name="verifyingPaymentInfoDisplayInPaymentPage" time="2.119"/>
  <system-out/>
  <testcase classname="testScripts.PaymentPageTest" name="verifyingOrderSummaryDisplayInPaymentPage" time="2.141"/>
  <system-out/>
  <testcase classname="testScripts.PaymentPageTest" name="verifyingEtgLogoDisplayInPaymentPage" time="2.136"/>
  <system-out/>
  <testcase classname="testScripts.PaymentPageTest" name="verifyingBillingPhoneNumberError" time="82.806"/>
  <system-out/>
  <testcase classname="testScripts.PaymentPageTest" name="verifyingPaginationOfProductsInPaymentPage" time="95.429"/>
  <system-out/>
  <testcase classname="testScripts.PaymentPageTest" name="verifyingEditCustomerInfoFromPaymentPageAndPlaceOrder" time="53.627"/>
  <system-out/>
  <testcase classname="testScripts.PaymentPageTest" name="verifyingRemovalOfAppliedGc" time="7.367"/>
  <system-out/>
  <testcase classname="testScripts.PaymentPageTest" name="verifyingCvvErrorInCreditCard" time="9.699"/>
  <system-out/>
  <testcase classname="testScripts.PaymentPageTest" name="verifyingCheckBalanceOfValidGc" time="7.456"/>
  <system-out/>
  <testcase classname="testScripts.PaymentPageTest" name="verifyingCreditCardNumberInCompleteError" time="9.647"/>
  <system-out/>
</testsuite> <!-- testScripts.PaymentPageTest -->
