<?xml version="1.0" encoding="UTF-8"?>
<!-- Generated by org.testng.reporters.JUnitReportReporter -->
<testsuite hostname="Upendra" failures="0" tests="6" name="testScripts.ProductListingPageTest" time="234.837" errors="0" timestamp="2024-01-09T10:16:39 IST" skipped="0">
  <testcase classname="testScripts.ProductListingPageTest" name="VerifedThatFiltersFunctionalityInPLP" time="27.535"/>
  <system-out/>
  <testcase classname="testScripts.ProductListingPageTest" name="VerifedThatProductLinkFunctionalityInPLP" time="35.314"/>
  <system-out/>
  <testcase classname="testScripts.ProductListingPageTest" name="VerifedThatSortByFunctionalityInPLP" time="27.119"/>
  <system-out/>
  <testcase classname="testScripts.ProductListingPageTest" name="VerifedThataddToWishListFunctionalityInPLP" time="33.280"/>
  <system-out/>
  <testcase classname="testScripts.ProductListingPageTest" name="VerifedThatResetFunctionalityInPLP" time="33.575"/>
  <system-out/>
  <testcase classname="testScripts.ProductListingPageTest" name="VerifedThatQuickshopBtnFunctionalityInPLP" time="78.014"/>
  <system-out/>
</testsuite> <!-- testScripts.ProductListingPageTest -->
