<?xml version="1.0" encoding="UTF-8"?>
<!-- Generated by org.testng.reporters.JUnitReportReporter -->
<testsuite hostname="DESKTOP-SN36904" failures="0" tests="5" name="testScripts.GiftCertificateTest" time="61.133" errors="0" timestamp="2024-01-23T22:17:45 IST" skipped="0">
  <testcase classname="testScripts.GiftCertificateTest" name="verifyErrorMsgsInGiftCard" time="7.653"/>
  <system-out/>
  <testcase classname="testScripts.GiftCertificateTest" name="verifyErrorsForConfirmMail" time="12.407"/>
  <system-out/>
  <testcase classname="testScripts.GiftCertificateTest" name="verifytheErrorsFromName_Recipients_confirmRecipientEMail" time="9.008"/>
  <system-out/>
  <testcase classname="testScripts.GiftCertificateTest" name="verifyTheErrorsRecipientEmailAndConfirmEmail" time="9.671"/>
  <system-out/>
  <testcase classname="testScripts.GiftCertificateTest" name="verifyGiftCardToCart" time="22.394"/>
  <system-out/>
</testsuite> <!-- testScripts.GiftCertificateTest -->
