<?xml version="1.0" encoding="UTF-8"?>
<!-- Generated by org.testng.reporters.JUnitReportReporter -->
<testsuite hostname="DESKTOP-CPG5TUI" failures="0" tests="6" name="testScripts.PaymentPageTest" time="134.842" errors="0" timestamp="2024-01-25T18:26:47 IST" skipped="0">
  <testcase classname="testScripts.PaymentPageTest" name="verifyingCheckBalanceOfValidGc" time="7.445"/>
  <system-out/>
  <testcase classname="testScripts.PaymentPageTest" name="verifyingCheckBalanceOfInvalidGcErrorMsg" time="8.684"/>
  <system-out/>
  <testcase classname="testScripts.PaymentPageTest" name="verifyingInvalidGcErrorMsg" time="6.397"/>
  <system-out/>
  <testcase classname="testScripts.PaymentPageTest" name="verifyingRemovalOfAppliedGc" time="10.442"/>
  <system-out/>
  <testcase classname="testScripts.PaymentPageTest" name="verifyingEnterGiftCodeErrorMsg" time="95.550"/>
  <system-out/>
  <testcase classname="testScripts.PaymentPageTest" name="verifyingSuccesMessageForValidGcApplied" time="6.324"/>
  <system-out/>
</testsuite> <!-- testScripts.PaymentPageTest -->
