<?xml version="1.0" encoding="UTF-8"?>
<!-- Generated by org.testng.reporters.JUnitReportReporter -->
<testsuite hostname="DESKTOP-CPG5TUI" failures="0" tests="7" name="testScripts.ShippingAddressPageTests" time="176.994" errors="0" timestamp="2024-01-19T17:59:41 IST" skipped="0">
  <testcase classname="testScripts.ShippingAddressPageTests" name="VerifedThatEnteredtheshippingDetailsInShippingPage" time="88.184"/>
  <system-out/>
  <testcase classname="testScripts.ShippingAddressPageTests" name="VerifedAllErrorsInShippingForm" time="4.407"/>
  <system-out/>
  <testcase classname="testScripts.ShippingAddressPageTests" name="VerifedTheErrorsInFirstName" time="13.748"/>
  <system-out/>
  <testcase classname="testScripts.ShippingAddressPageTests" name="VerifedTheErrorsAddress" time="13.653"/>
  <system-out/>
  <testcase classname="testScripts.ShippingAddressPageTests" name="VerifedTheErrorsInLastName" time="13.895"/>
  <system-out/>
  <testcase classname="testScripts.ShippingAddressPageTests" name="VerifedphoneNumberError" time="13.689"/>
  <system-out/>
  <testcase classname="testScripts.ShippingAddressPageTests" name="VerifedWithValidAddress" time="29.418"/>
  <system-out/>
</testsuite> <!-- testScripts.ShippingAddressPageTests -->
