<?xml version="1.0" encoding="UTF-8"?>
<!-- Generated by org.testng.reporters.JUnitReportReporter -->
<testsuite hostname="DESKTOP-SN36904" failures="0" tests="1" name="testScripts.LogOutTest" time="10.990" errors="0" timestamp="2024-01-23T22:17:45 IST" skipped="0">
  <testcase classname="testScripts.LogOutTest" name="verifyLogout" time="10.990"/>
  <system-out/>
</testsuite> <!-- testScripts.LogOutTest -->
