<?xml version="1.0" encoding="UTF-8"?>
<!-- Generated by org.testng.reporters.JUnitReportReporter -->
<testsuite hostname="DESKTOP-CPG5TUI" failures="0" tests="1" name="OrderRegression.PlaceOrderWithBuyNowButton" time="87.939" errors="0" timestamp="2024-02-06T20:34:44 IST" skipped="0">
  <testcase classname="OrderRegression.PlaceOrderWithBuyNowButton" name="verifyingPlacingOrderWithBuyNowButtonWithCreditCard" time="87.939"/>
  <system-out/>
</testsuite> <!-- OrderRegression.PlaceOrderWithBuyNowButton -->
