<?xml version="1.0" encoding="UTF-8"?>
<!-- Generated by org.testng.reporters.JUnitReportReporter -->
<testsuite hostname="DESKTOP-CPG5TUI" failures="0" tests="11" name="testScripts.CheckOutPage2Test" time="249.607" errors="0" timestamp="2024-01-24T17:36:28 IST" skipped="0">
  <testcase classname="testScripts.CheckOutPage2Test" name="verifyingNextPaymentButtonDisplayInCheckOutPage2Tasks_Page" time="0.083"/>
  <system-out/>
  <testcase classname="testScripts.CheckOutPage2Test" name="verifyingTheCustomerInfoInCheckoutPage2" time="73.515"/>
  <system-out/>
  <testcase classname="testScripts.CheckOutPage2Test" name="verifyingTheErrorsInLastName" time="15.705"/>
  <system-out/>
  <testcase classname="testScripts.CheckOutPage2Test" name="verifyingWithValidShippingAddress" time="14.567"/>
  <system-out/>
  <testcase classname="testScripts.CheckOutPage2Test" name="verifyingEditEmailInCheckoutPage2" time="13.484"/>
  <system-out/>
  <testcase classname="testScripts.CheckOutPage2Test" name="verifyingAllErrorsInShippingForm" time="4.519"/>
  <system-out/>
  <testcase classname="testScripts.CheckOutPage2Test" name="verifyingTheAddressError" time="14.669"/>
  <system-out/>
  <testcase classname="testScripts.CheckOutPage2Test" name="verifyingPaginationOfProductsInCheckOutPage2" time="79.788"/>
  <system-out/>
  <testcase classname="testScripts.CheckOutPage2Test" name="verifyingEtgLogoDisplayInCheckOutPage2Tasks_Page" time="0.109"/>
  <system-out/>
  <testcase classname="testScripts.CheckOutPage2Test" name="verifyingphoneNumberError" time="17.435"/>
  <system-out/>
  <testcase classname="testScripts.CheckOutPage2Test" name="verifyingTheErrorsInFirstName" time="15.733"/>
  <system-out/>
</testsuite> <!-- testScripts.CheckOutPage2Test -->
