<?xml version="1.0" encoding="UTF-8"?>
<!-- Generated by org.testng.reporters.JUnitReportReporter -->
<testsuite hostname="DESKTOP-CPG5TUI" failures="0" tests="6" name="testScripts.CreateAccountPageTest" time="175.415" errors="0" timestamp="2024-01-12T11:54:23 IST" skipped="0">
  <testcase classname="testScripts.CreateAccountPageTest" name="verifyCreateAccountPage" time="16.104"/>
  <system-out/>
  <testcase classname="testScripts.CreateAccountPageTest" name="verifyCreateAccountWithValidCredentials" time="34.105"/>
  <system-out/>
  <testcase classname="testScripts.CreateAccountPageTest" name="verifyEmailformatError" time="29.385"/>
  <system-out/>
  <testcase classname="testScripts.CreateAccountPageTest" name="verifyPasswordMismatch" time="29.375"/>
  <system-out/>
  <testcase classname="testScripts.CreateAccountPageTest" name="verifyEmailAndConfirmEmail" time="37.193"/>
  <system-out/>
  <testcase classname="testScripts.CreateAccountPageTest" name="verifyPhoneNumError" time="29.253"/>
  <system-out/>
</testsuite> <!-- testScripts.CreateAccountPageTest -->
