<?xml version="1.0" encoding="UTF-8"?>
<!-- Generated by org.testng.reporters.JUnitReportReporter -->
<testsuite hostname="DESKTOP-CPG5TUI" failures="0" tests="11" name="testScripts.CheckOutPage2Test" time="254.008" errors="0" timestamp="2024-01-25T18:15:48 IST" skipped="0">
  <testcase classname="testScripts.CheckOutPage2Test" name="verifyingEtgLogoDisplayInCheckOutPage2Tasks_Page" time="0.093"/>
  <system-out/>
  <testcase classname="testScripts.CheckOutPage2Test" name="verifyingTheCustomerInfoInCheckoutPage2" time="73.812"/>
  <system-out/>
  <testcase classname="testScripts.CheckOutPage2Test" name="verifyingAllErrorsInShippingForm" time="4.610"/>
  <system-out/>
  <testcase classname="testScripts.CheckOutPage2Test" name="verifyingTheAddressError" time="15.003"/>
  <system-out/>
  <testcase classname="testScripts.CheckOutPage2Test" name="verifyingTheErrorsInLastName" time="15.936"/>
  <system-out/>
  <testcase classname="testScripts.CheckOutPage2Test" name="verifyingTheErrorsInFirstName" time="15.757"/>
  <system-out/>
  <testcase classname="testScripts.CheckOutPage2Test" name="verifyingWithValidShippingAddress" time="15.920"/>
  <system-out/>
  <testcase classname="testScripts.CheckOutPage2Test" name="verifyingPaginationOfProductsInCheckOutPage2" time="83.330"/>
  <system-out/>
  <testcase classname="testScripts.CheckOutPage2Test" name="verifyingphoneNumberError" time="15.874"/>
  <system-out/>
  <testcase classname="testScripts.CheckOutPage2Test" name="verifyingNextPaymentButtonDisplayInCheckOutPage2Tasks_Page" time="0.084"/>
  <system-out/>
  <testcase classname="testScripts.CheckOutPage2Test" name="verifyingEditEmailInCheckoutPage2" time="13.589"/>
  <system-out/>
</testsuite> <!-- testScripts.CheckOutPage2Test -->
