<?xml version="1.0" encoding="UTF-8"?>
<!-- Generated by org.testng.reporters.JUnitReportReporter -->
<testsuite hostname="DESKTOP-SN36904" failures="0" tests="1" name="testScripts.LoginPageTest" time="48.758" errors="0" timestamp="2024-01-23T22:53:25 IST" skipped="0">
  <testcase classname="testScripts.LoginPageTest" name="VerifyingLoginWithValidCredentials" time="48.758"/>
  <system-out/>
</testsuite> <!-- testScripts.LoginPageTest -->
