<?xml version="1.0" encoding="UTF-8"?>
<!-- Generated by org.testng.reporters.JUnitReportReporter -->
<testsuite hostname="DESKTOP-CPG5TUI" failures="0" tests="1" name="testScripts.OrderDetailsTests" time="0.178" errors="0" timestamp="2024-01-24T18:27:50 IST" skipped="0">
  <testcase classname="testScripts.OrderDetailsTests" name="VerifyingOrderConfirmationPage" time="0.178"/>
  <system-out/>
</testsuite> <!-- testScripts.OrderDetailsTests -->
