<?xml version="1.0" encoding="UTF-8"?>
<!-- Generated by org.testng.reporters.JUnitReportReporter -->
<testsuite hostname="DESKTOP-SN36904" failures="0" tests="1" name="browser.launchBrowsering" time="10.375" errors="0" timestamp="2024-01-23T22:53:25 IST" skipped="0">
  <testcase classname="browser.launchBrowsering" name="verifyHomePageLaunching" time="10.375"/>
  <system-out/>
</testsuite> <!-- browser.launchBrowsering -->
