<?xml version="1.0" encoding="UTF-8"?>
<!-- Generated by org.testng.reporters.JUnitReportReporter -->
<testsuite hostname="DESKTOP-CPG5TUI" failures="0" tests="1" name="testScripts.FindAStoreTest" time="11.342" errors="0" timestamp="2024-01-23T18:28:24 IST" skipped="0">
  <testcase classname="testScripts.FindAStoreTest" name="verifyFindAStore" time="11.342"/>
  <system-out/>
</testsuite> <!-- testScripts.FindAStoreTest -->
