<?xml version="1.0" encoding="UTF-8"?>
<!-- Generated by org.testng.reporters.JUnitReportReporter -->
<testsuite hostname="DESKTOP-CPG5TUI" failures="0" tests="5" name="testScripts.GiftCertificateTest" time="38.258" errors="0" timestamp="2024-02-12T14:22:10 IST" skipped="0">
  <testcase classname="testScripts.GiftCertificateTest" name="verifyGiftCardToCart" time="12.950"/>
  <system-out/>
  <testcase classname="testScripts.GiftCertificateTest" name="verifyTheErrorsRecipientEmailAndConfirmEmail" time="5.553"/>
  <system-out/>
  <testcase classname="testScripts.GiftCertificateTest" name="verifytheErrorsFromName_Recipients_confirmRecipientEMail" time="7.023"/>
  <system-out/>
  <testcase classname="testScripts.GiftCertificateTest" name="verifyErrorsForConfirmMail" time="6.088"/>
  <system-out/>
  <testcase classname="testScripts.GiftCertificateTest" name="verifyErrorMsgsInGiftCard" time="6.644"/>
  <system-out/>
</testsuite> <!-- testScripts.GiftCertificateTest -->
