<?xml version="1.0" encoding="UTF-8"?>
<!-- Generated by org.testng.reporters.JUnitReportReporter -->
<testsuite hostname="DESKTOP-SN36904" failures="0" tests="1" name="testScripts.CheckOutPage2Test" time="84.827" errors="0" timestamp="2024-01-23T22:53:25 IST" skipped="0">
  <testcase classname="testScripts.CheckOutPage2Test" name="verifyingEditEmailInCheckoutPage2" time="84.827"/>
  <system-out/>
</testsuite> <!-- testScripts.CheckOutPage2Test -->
