<?xml version="1.0" encoding="UTF-8"?>
<!-- Generated by org.testng.reporters.JUnitReportReporter -->
<testsuite hostname="Upendra" failures="0" tests="1" name="testScripts.ViewCartPageTests" time="92.810" errors="0" timestamp="2024-01-09T10:16:39 IST" skipped="0">
  <testcase classname="testScripts.ViewCartPageTests" name="VerifedThatCheckOutBtnClickInViewCart" time="92.810"/>
  <system-out/>
</testsuite> <!-- testScripts.ViewCartPageTests -->
