<?xml version="1.0" encoding="UTF-8"?>
<!-- Generated by org.testng.reporters.JUnitReportReporter -->
<testsuite hostname="DESKTOP-CPG5TUI" failures="0" tests="7" name="testScripts.ReviewOrderTest" time="0.545" errors="0" timestamp="2024-02-01T19:00:21 IST" skipped="0">
  <testcase classname="testScripts.ReviewOrderTest" name="verifyingPaginationOfProductsInReviewOrderPage" time="0.060"/>
  <system-out/>
  <testcase classname="testScripts.ReviewOrderTest" name="verifyingPlaceOrderButtonDisplayInReviewOrderPage" time="0.098"/>
  <system-out/>
  <testcase classname="testScripts.ReviewOrderTest" name="verifyingOrderSummaryDisplayInReviewOrderPage" time="0.067"/>
  <system-out/>
  <testcase classname="testScripts.ReviewOrderTest" name="verifyingTheDisplayOfCustomerInfoInReviewOrderPage" time="0.079"/>
  <system-out/>
  <testcase classname="testScripts.ReviewOrderTest" name="verifyingPaymentInfoDisplayInReviewOrderPage" time="0.064"/>
  <system-out/>
  <testcase classname="testScripts.ReviewOrderTest" name="verifyingEtgLogoDisplayInReviewOrderPage" time="0.062"/>
  <system-out/>
  <testcase classname="testScripts.ReviewOrderTest" name="verifyingTheEditPaymentToPaypalFromReviewOrderPage" time="0.115"/>
  <system-out/>
</testsuite> <!-- testScripts.ReviewOrderTest -->
