<?xml version="1.0" encoding="UTF-8"?>
<!-- Generated by org.testng.reporters.JUnitReportReporter -->
<testsuite hostname="DESKTOP-CPG5TUI" failures="0" tests="5" name="testScripts.GiftCertificateTest" time="60.792" errors="0" timestamp="2024-01-24T17:36:28 IST" skipped="0">
  <testcase classname="testScripts.GiftCertificateTest" name="verifyErrorsForConfirmMail" time="12.905"/>
  <system-out/>
  <testcase classname="testScripts.GiftCertificateTest" name="verifyTheErrorsRecipientEmailAndConfirmEmail" time="9.299"/>
  <system-out/>
  <testcase classname="testScripts.GiftCertificateTest" name="verifyGiftCardToCart" time="23.031"/>
  <system-out/>
  <testcase classname="testScripts.GiftCertificateTest" name="verifyErrorMsgsInGiftCard" time="7.168"/>
  <system-out/>
  <testcase classname="testScripts.GiftCertificateTest" name="verifytheErrorsFromName_Recipients_confirmRecipientEMail" time="8.389"/>
  <system-out/>
</testsuite> <!-- testScripts.GiftCertificateTest -->
