<?xml version="1.0" encoding="UTF-8"?>
<!-- Generated by org.testng.reporters.JUnitReportReporter -->
<testsuite hostname="DESKTOP-CPG5TUI" failures="0" tests="2" name="testScripts.FooterPageTest" time="16.057" errors="0" timestamp="2024-02-08T20:15:58 IST" skipped="0">
  <testcase classname="testScripts.FooterPageTest" name="verifyinginvalidEmailInEmailSignUpBox" time="3.183"/>
  <system-out/>
  <testcase classname="testScripts.FooterPageTest" name="verifyingResourceFooterLinks" time="12.874"/>
  <system-out/>
</testsuite> <!-- testScripts.FooterPageTest -->
