<?xml version="1.0" encoding="UTF-8"?>
<!-- Generated by org.testng.reporters.JUnitReportReporter -->
<testsuite hostname="DESKTOP-CPG5TUI" failures="0" tests="6" name="testScripts.FooterPageTest" time="48.521" errors="0" timestamp="2024-01-12T11:54:23 IST" skipped="0">
  <testcase classname="testScripts.FooterPageTest" name="verifyingResourceFooterLinks" time="6.641"/>
  <system-out/>
  <testcase classname="testScripts.FooterPageTest" name="verifyingSubscriptionInFooter" time="6.401"/>
  <system-out/>
  <testcase classname="testScripts.FooterPageTest" name="verifyErrorsForConfirmMail" time="12.810"/>
  <system-out/>
  <testcase classname="testScripts.FooterPageTest" name="verifytheErrorsFromName_Recipients_confirmRecipientEMail" time="6.924"/>
  <system-out/>
  <testcase classname="testScripts.FooterPageTest" name="verifyTheErrorsRecipientEmailAndConfirmEmail" time="10.822"/>
  <system-out/>
  <testcase classname="testScripts.FooterPageTest" name="verifyErrorMsgsInGiftCard" time="4.923"/>
  <system-out/>
</testsuite> <!-- testScripts.FooterPageTest -->
