<?xml version="1.0" encoding="UTF-8"?>
<!-- Generated by org.testng.reporters.JUnitReportReporter -->
<testsuite hostname="DESKTOP-CPG5TUI" failures="0" tests="1" name="com.providio.testcases.Tc_OrderByPaypal_RegUser" time="127.667" errors="0" timestamp="2023-07-17T13:13:45 IST" skipped="0">
  <testcase classname="com.providio.testcases.Tc_OrderByPaypal_RegUser" name="OrderByPaypal_RegUser" time="127.667"/>
  <system-out/>
</testsuite> <!-- com.providio.testcases.Tc_OrderByPaypal_RegUser -->
