<?xml version="1.0" encoding="UTF-8"?>
<!-- Generated by org.testng.reporters.JUnitReportReporter -->
<testsuite hostname="DESKTOP-CPG5TUI" failures="0" tests="1" name="testScripts.OrderDetailsTests" time="0.185" errors="0" timestamp="2024-01-30T16:58:27 IST" skipped="0">
  <testcase classname="testScripts.OrderDetailsTests" name="VerifyingOrderConfirmationPage" time="0.185"/>
  <system-out/>
</testsuite> <!-- testScripts.OrderDetailsTests -->
