<?xml version="1.0" encoding="UTF-8"?>
<!-- Generated by org.testng.reporters.JUnitReportReporter -->
<testsuite hostname="DESKTOP-CPG5TUI" failures="0" tests="1" name="OrderRegression.PlaceOrderWithBuyNowButton" time="73.375" errors="0" timestamp="2024-01-30T14:54:45 IST" skipped="0">
  <testcase classname="OrderRegression.PlaceOrderWithBuyNowButton" name="verifyingPlacingOrderWithBuyNowButtonWithCreditCard" time="73.375"/>
  <system-out/>
</testsuite> <!-- OrderRegression.PlaceOrderWithBuyNowButton -->
