<?xml version="1.0" encoding="UTF-8"?>
<!-- Generated by org.testng.reporters.JUnitReportReporter -->
<testsuite hostname="DESKTOP-CPG5TUI" failures="0" tests="13" name="testScripts.PaymentPageTest" time="138.372" errors="0" timestamp="2024-01-23T18:28:24 IST" skipped="0">
  <testcase classname="testScripts.PaymentPageTest" name="verifyingEditShippingAddress" time="28.980"/>
  <system-out/>
  <testcase classname="testScripts.PaymentPageTest" name="verifyingCvvErrorInCreditCard" time="2.107"/>
  <system-out/>
  <testcase classname="testScripts.PaymentPageTest" name="verifyingCreditCardExpDateInValid" time="9.493"/>
  <system-out/>
  <testcase classname="testScripts.PaymentPageTest" name="verifyingCvvAndExpErrorInCreditCard" time="2.795"/>
  <system-out/>
  <testcase classname="testScripts.PaymentPageTest" name="verifyingCreditcardWithValidDetails" time="14.985"/>
  <system-out/>
  <testcase classname="testScripts.PaymentPageTest" name="verifyingEditCustomerInfoFromCop3" time="22.557"/>
  <system-out/>
  <testcase classname="testScripts.PaymentPageTest" name="verifyingCreditCardInCompleteCvvError" time="9.410"/>
  <system-out/>
  <testcase classname="testScripts.PaymentPageTest" name="verifyingCreditcardNumberInValidError" time="8.379"/>
  <system-out/>
  <testcase classname="testScripts.PaymentPageTest" name="verifyingAddnewCreditCard" time="2.077"/>
  <system-out/>
  <testcase classname="testScripts.PaymentPageTest" name="verifyingAllTheErrorsInCreditCard" time="2.194"/>
  <system-out/>
  <testcase classname="testScripts.PaymentPageTest" name="verifyingCreditCardNumberInCompleteError" time="9.519"/>
  <system-out/>
  <testcase classname="testScripts.PaymentPageTest" name="verifyingCreditCardInCompleteExpYearError" time="9.421"/>
  <system-out/>
  <testcase classname="testScripts.PaymentPageTest" name="verifyingGiftMessage" time="16.455"/>
  <system-out/>
</testsuite> <!-- testScripts.PaymentPageTest -->
