<?xml version="1.0" encoding="UTF-8"?>
<!-- Generated by org.testng.reporters.JUnitReportReporter -->
<testsuite hostname="DESKTOP-SN36904" failures="0" tests="5" name="testScripts.CreateAccountPageTest" time="135.556" errors="0" timestamp="2024-01-23T22:17:45 IST" skipped="0">
  <testcase classname="testScripts.CreateAccountPageTest" name="verifyEmailformatError" time="21.686"/>
  <system-out/>
  <testcase classname="testScripts.CreateAccountPageTest" name="verifyPasswordMismatch" time="21.637"/>
  <system-out/>
  <testcase classname="testScripts.CreateAccountPageTest" name="verifyEmailAndConfirmEmail" time="48.254"/>
  <system-out/>
  <testcase classname="testScripts.CreateAccountPageTest" name="verifyCreateAccountWithValidCredentials" time="22.364"/>
  <system-out/>
  <testcase classname="testScripts.CreateAccountPageTest" name="verifyPhoneNumError" time="21.615"/>
  <system-out/>
</testsuite> <!-- testScripts.CreateAccountPageTest -->
