<?xml version="1.0" encoding="UTF-8"?>
<!-- Generated by org.testng.reporters.JUnitReportReporter -->
<testsuite hostname="DESKTOP-CPG5TUI" failures="0" tests="5" name="testScripts.CreateAccountPageTest" time="131.960" errors="0" timestamp="2024-02-01T19:00:21 IST" skipped="0">
  <testcase classname="testScripts.CreateAccountPageTest" name="verifyEmailformatError" time="21.116"/>
  <system-out/>
  <testcase classname="testScripts.CreateAccountPageTest" name="verifyPasswordMismatch" time="21.071"/>
  <system-out/>
  <testcase classname="testScripts.CreateAccountPageTest" name="verifyEmailAndConfirmEmail" time="45.052"/>
  <system-out/>
  <testcase classname="testScripts.CreateAccountPageTest" name="verifyPhoneNumError" time="21.027"/>
  <system-out/>
  <testcase classname="testScripts.CreateAccountPageTest" name="verifyCreateAccountWithValidCredentials" time="23.694"/>
  <system-out/>
</testsuite> <!-- testScripts.CreateAccountPageTest -->
