<?xml version="1.0" encoding="UTF-8"?>
<!-- Generated by org.testng.reporters.JUnitReportReporter -->
<testsuite hostname="DESKTOP-CPG5TUI" failures="0" tests="5" name="testScripts.GiftCertificateTest" time="58.921" errors="0" timestamp="2024-02-05T13:11:29 IST" skipped="0">
  <testcase classname="testScripts.GiftCertificateTest" name="verifyErrorsForConfirmMail" time="11.738"/>
  <system-out/>
  <testcase classname="testScripts.GiftCertificateTest" name="verifyTheErrorsRecipientEmailAndConfirmEmail" time="9.552"/>
  <system-out/>
  <testcase classname="testScripts.GiftCertificateTest" name="verifytheErrorsFromName_Recipients_confirmRecipientEMail" time="8.554"/>
  <system-out/>
  <testcase classname="testScripts.GiftCertificateTest" name="verifyErrorMsgsInGiftCard" time="7.017"/>
  <system-out/>
  <testcase classname="testScripts.GiftCertificateTest" name="verifyGiftCardToCart" time="22.060"/>
  <system-out/>
</testsuite> <!-- testScripts.GiftCertificateTest -->
