<?xml version="1.0" encoding="UTF-8"?>
<!-- Generated by org.testng.reporters.JUnitReportReporter -->
<testsuite hostname="DESKTOP-CPG5TUI" failures="0" tests="2" name="testScripts.FooterPageTest" time="14.699" errors="0" timestamp="2024-01-25T18:15:48 IST" skipped="0">
  <testcase classname="testScripts.FooterPageTest" name="verifyingResourceFooterLinks" time="11.378"/>
  <system-out/>
  <testcase classname="testScripts.FooterPageTest" name="verifyinginvalidEmailInEmailSignUpBox" time="3.321"/>
  <system-out/>
</testsuite> <!-- testScripts.FooterPageTest -->
