<?xml version="1.0" encoding="UTF-8"?>
<!-- Generated by org.testng.reporters.JUnitReportReporter -->
<testsuite hostname="DESKTOP-CPG5TUI" failures="0" tests="25" name="testScripts.PaymentPageTest" time="691.911" errors="0" timestamp="2024-02-06T20:34:44 IST" skipped="0">
  <testcase classname="testScripts.PaymentPageTest" name="verifyingPaginationOfProductsInPaymentPage" time="101.191"/>
  <system-out/>
  <testcase classname="testScripts.PaymentPageTest" name="verifyingCheckBalanceOfInvalidGcErrorMsg" time="6.254"/>
  <system-out/>
  <testcase classname="testScripts.PaymentPageTest" name="verifyingBillingPhoneNumberError" time="104.380"/>
  <system-out/>
  <testcase classname="testScripts.PaymentPageTest" name="verifyingPaymentInfoDisplayInPaymentPage" time="2.099"/>
  <system-out/>
  <testcase classname="testScripts.PaymentPageTest" name="verifyingEditCustomerInfoFromPaymentPageAndPlaceOrder" time="56.577"/>
  <system-out/>
  <testcase classname="testScripts.PaymentPageTest" name="verifyingCreditcardWithValidDetails" time="20.942"/>
  <system-out/>
  <testcase classname="testScripts.PaymentPageTest" name="verifyingCheckBalanceOfValidGc" time="7.377"/>
  <system-out/>
  <testcase classname="testScripts.PaymentPageTest" name="verifyingAllTheErrorsInCreditCard" time="2.176"/>
  <system-out/>
  <testcase classname="testScripts.PaymentPageTest" name="verifyingInvalidGcErrorMsg" time="6.282"/>
  <system-out/>
  <testcase classname="testScripts.PaymentPageTest" name="verifyingCvvAndExpErrorInCreditCard" time="2.179"/>
  <system-out/>
  <testcase classname="testScripts.PaymentPageTest" name="verifyingAddNewBillingAddressFromPaymentPageAndPlaceOrder" time="152.739"/>
  <system-out/>
  <testcase classname="testScripts.PaymentPageTest" name="verifyingEnterGiftCodeErrorMsg" time="3.192"/>
  <system-out/>
  <testcase classname="testScripts.PaymentPageTest" name="verifyingCreditCardInCompleteCvvError" time="9.443"/>
  <system-out/>
  <testcase classname="testScripts.PaymentPageTest" name="verifyingCvvErrorInCreditCard" time="2.150"/>
  <system-out/>
  <testcase classname="testScripts.PaymentPageTest" name="verifyingCreditCardNumberInCompleteError" time="9.500"/>
  <system-out/>
  <testcase classname="testScripts.PaymentPageTest" name="verifyingOrderSummaryDisplayInPaymentPage" time="2.106"/>
  <system-out/>
  <testcase classname="testScripts.PaymentPageTest" name="verifyingUpdateBillingAddressAndPlaceOrder" time="119.297"/>
  <system-out/>
  <testcase classname="testScripts.PaymentPageTest" name="verifyingTheCustomerInfoInPaymntPage" time="2.120"/>
  <system-out/>
  <testcase classname="testScripts.PaymentPageTest" name="verifyingAddnewCreditCard" time="2.076"/>
  <system-out/>
  <testcase classname="testScripts.PaymentPageTest" name="verifyingBackToCartInPaymentPage" time="38.908"/>
  <system-out/>
  <testcase classname="testScripts.PaymentPageTest" name="verifyingCreditCardExpDateInValid" time="9.478"/>
  <system-out/>
  <testcase classname="testScripts.PaymentPageTest" name="verifyingCreditcardNumberInValidError" time="12.498"/>
  <system-out/>
  <testcase classname="testScripts.PaymentPageTest" name="verifyingRemovalOfAppliedGc" time="7.316"/>
  <system-out/>
  <testcase classname="testScripts.PaymentPageTest" name="verifyingCreditCardInCompleteExpYearError" time="9.544"/>
  <system-out/>
  <testcase classname="testScripts.PaymentPageTest" name="verifyingEtgLogoDisplayInPaymentPage" time="2.087"/>
  <system-out/>
</testsuite> <!-- testScripts.PaymentPageTest -->
