<?xml version="1.0" encoding="UTF-8"?>
<!-- Generated by org.testng.reporters.JUnitReportReporter -->
<testsuite hostname="DESKTOP-CPG5TUI" failures="0" tests="1" name="com.providio.testcases.Tc_AddProductFromWishlist" time="0.012" errors="0" timestamp="2023-07-07T14:20:36 IST" skipped="0">
  <testcase classname="com.providio.testcases.Tc_AddProductFromWishlist" name="addProductFromWishlist" time="0.012"/>
  <system-out/>
</testsuite> <!-- com.providio.testcases.Tc_AddProductFromWishlist -->
