<?xml version="1.0" encoding="UTF-8"?>
<!-- Generated by org.testng.reporters.JUnitReportReporter -->
<testsuite hostname="DESKTOP-CPG5TUI" failures="0" tests="13" name="testScripts.PaymentPageTest" time="353.878" errors="0" timestamp="2024-01-24T18:41:21 IST" skipped="0">
  <testcase classname="testScripts.PaymentPageTest" name="verifyingCreditCardInCompleteCvvError" time="2.076"/>
  <system-out/>
  <testcase classname="testScripts.PaymentPageTest" name="verifyingAddnewCreditCard" time="2.109"/>
  <system-out/>
  <testcase classname="testScripts.PaymentPageTest" name="verifyingCvvErrorInCreditCard" time="2.069"/>
  <system-out/>
  <testcase classname="testScripts.PaymentPageTest" name="verifyingEditPhoneNumberInBillingAddress" time="172.437"/>
  <system-out/>
  <testcase classname="testScripts.PaymentPageTest" name="verifyingGcRedemption" time="26.297"/>
  <system-out/>
  <testcase classname="testScripts.PaymentPageTest" name="verifyingAllTheErrorsInCreditCard" time="2.124"/>
  <system-out/>
  <testcase classname="testScripts.PaymentPageTest" name="verifyingCvvAndExpErrorInCreditCard" time="2.120"/>
  <system-out/>
  <testcase classname="testScripts.PaymentPageTest" name="verifyingCreditcardWithValidDetails" time="2.075"/>
  <system-out/>
  <testcase classname="testScripts.PaymentPageTest" name="verifyingCreditcardNumberInValidError" time="2.095"/>
  <system-out/>
  <testcase classname="testScripts.PaymentPageTest" name="verifyingCreditCardNumberInCompleteError" time="2.089"/>
  <system-out/>
  <testcase classname="testScripts.PaymentPageTest" name="verifyingPaginationOfProductsFromPaymentPage" time="134.182"/>
  <system-out/>
  <testcase classname="testScripts.PaymentPageTest" name="verifyingCreditCardInCompleteExpYearError" time="2.086"/>
  <system-out/>
  <testcase classname="testScripts.PaymentPageTest" name="verifyingCreditCardExpDateInValid" time="2.119"/>
  <system-out/>
</testsuite> <!-- testScripts.PaymentPageTest -->
