<?xml version="1.0" encoding="UTF-8"?>
<!-- Generated by org.testng.reporters.JUnitReportReporter -->
<testsuite hostname="DESKTOP-4ISB8O1" failures="0" tests="1" name="testScripts.FindAStoreTest" time="0.046" errors="0" timestamp="2024-01-31T23:21:34 IST" skipped="0">
  <testcase classname="testScripts.FindAStoreTest" name="verifyFindAStore" time="0.046"/>
  <system-out/>
</testsuite> <!-- testScripts.FindAStoreTest -->
