<?xml version="1.0" encoding="UTF-8"?>
<!-- Generated by org.testng.reporters.JUnitReportReporter -->
<testsuite hostname="DESKTOP-CPG5TUI" failures="0" tests="8" name="testScripts.OrderPlacingWithAllPaymentsTest" time="940.542" errors="0" timestamp="2024-02-05T13:11:29 IST" skipped="0">
  <testcase classname="testScripts.OrderPlacingWithAllPaymentsTest" name="verifyingOrderIsPlacingWithMiniCartPaypal" time="119.331"/>
  <system-out/>
  <testcase classname="testScripts.OrderPlacingWithAllPaymentsTest" name="verifyingOrderIsPlacingWithPaypalBuyNowInPdpPage" time="78.840"/>
  <system-out/>
  <testcase classname="testScripts.OrderPlacingWithAllPaymentsTest" name="verifyingOrderIsPlacingWithGiftCard" time="118.310"/>
  <system-out/>
  <testcase classname="testScripts.OrderPlacingWithAllPaymentsTest" name="verifyingOrderIsPlacingWithCartPagePaypal" time="101.887"/>
  <system-out/>
  <testcase classname="testScripts.OrderPlacingWithAllPaymentsTest" name="verifyingOrderIsPlacingWithPaypalFromCheckoutPage" time="141.135"/>
  <system-out/>
  <testcase classname="testScripts.OrderPlacingWithAllPaymentsTest" name="verifyingOrderIsPlacingWithCombinationOfGcAndPaypal" time="129.154"/>
  <system-out/>
  <testcase classname="testScripts.OrderPlacingWithAllPaymentsTest" name="verifyingOrderIsPlacingWithCreditCard" time="139.099"/>
  <system-out/>
  <testcase classname="testScripts.OrderPlacingWithAllPaymentsTest" name="verifyingOrderIsPlacingWithCombinationOfGcAndCreditCard" time="112.786"/>
  <system-out/>
</testsuite> <!-- testScripts.OrderPlacingWithAllPaymentsTest -->
