<?xml version="1.0" encoding="UTF-8"?>
<!-- Generated by org.testng.reporters.JUnitReportReporter -->
<testsuite hostname="DESKTOP-CPG5TUI" failures="0" tests="1" name="com.OrdersByDifferentPaymentMethods.Tc_PaypalCheckout_MiniCart" time="116.830" errors="0" timestamp="2023-07-20T19:33:40 IST" skipped="0">
  <testcase classname="com.OrdersByDifferentPaymentMethods.Tc_PaypalCheckout_MiniCart" name="paypalCheckout_MiniCart" time="116.830"/>
  <system-out/>
</testsuite> <!-- com.OrdersByDifferentPaymentMethods.Tc_PaypalCheckout_MiniCart -->
