<?xml version="1.0" encoding="UTF-8"?>
<!-- Generated by org.testng.reporters.JUnitReportReporter -->
<testsuite hostname="DESKTOP-CPG5TUI" failures="0" tests="5" name="testScripts.CreateAccountPageTest" time="131.589" errors="0" timestamp="2024-01-25T18:15:48 IST" skipped="0">
  <testcase classname="testScripts.CreateAccountPageTest" name="verifyEmailAndConfirmEmail" time="46.804"/>
  <system-out/>
  <testcase classname="testScripts.CreateAccountPageTest" name="verifyPhoneNumError" time="21.106"/>
  <system-out/>
  <testcase classname="testScripts.CreateAccountPageTest" name="verifyEmailformatError" time="21.290"/>
  <system-out/>
  <testcase classname="testScripts.CreateAccountPageTest" name="verifyCreateAccountWithValidCredentials" time="21.136"/>
  <system-out/>
  <testcase classname="testScripts.CreateAccountPageTest" name="verifyPasswordMismatch" time="21.253"/>
  <system-out/>
</testsuite> <!-- testScripts.CreateAccountPageTest -->
