<?xml version="1.0" encoding="UTF-8"?>
<!-- Generated by org.testng.reporters.JUnitReportReporter -->
<testsuite hostname="DESKTOP-CPG5TUI" failures="0" tests="5" name="testScripts.GiftCertificateTest" time="59.253" errors="0" timestamp="2024-02-07T15:18:26 IST" skipped="0">
  <testcase classname="testScripts.GiftCertificateTest" name="verifytheErrorsFromName_Recipients_confirmRecipientEMail" time="8.571"/>
  <system-out/>
  <testcase classname="testScripts.GiftCertificateTest" name="verifyTheErrorsRecipientEmailAndConfirmEmail" time="9.717"/>
  <system-out/>
  <testcase classname="testScripts.GiftCertificateTest" name="verifyErrorsForConfirmMail" time="11.786"/>
  <system-out/>
  <testcase classname="testScripts.GiftCertificateTest" name="verifyGiftCardToCart" time="22.056"/>
  <system-out/>
  <testcase classname="testScripts.GiftCertificateTest" name="verifyErrorMsgsInGiftCard" time="7.123"/>
  <system-out/>
</testsuite> <!-- testScripts.GiftCertificateTest -->
