<?xml version="1.0" encoding="UTF-8"?>
<!-- Generated by org.testng.reporters.JUnitReportReporter -->
<testsuite hostname="DESKTOP-4ISB8O1" failures="0" tests="1" name="browser.launchBrowsering" time="6.576" errors="0" timestamp="2024-02-01T00:23:32 IST" skipped="0">
  <testcase classname="browser.launchBrowsering" name="verifyHomePageLaunching" time="6.576"/>
  <system-out/>
</testsuite> <!-- browser.launchBrowsering -->
