<?xml version="1.0" encoding="UTF-8"?>
<!-- Generated by org.testng.reporters.JUnitReportReporter -->
<testsuite hostname="DESKTOP-CPG5TUI" failures="0" tests="6" name="testScripts.LoginPageTest" time="66.925" errors="0" timestamp="2024-02-07T15:18:26 IST" skipped="0">
  <testcase classname="testScripts.LoginPageTest" name="VerifyingLoginFailureWithEmptyPassword" time="9.384"/>
  <system-out/>
  <testcase classname="testScripts.LoginPageTest" name="VerifyingLoginFailureWithEmptyEmailAndPassword" time="5.242"/>
  <system-out/>
  <testcase classname="testScripts.LoginPageTest" name="VerifyingLoginFailureWithIncorrectCredentials" time="19.690"/>
  <system-out/>
  <testcase classname="testScripts.LoginPageTest" name="VerifyingLoginFailureWithEmptyEmail" time="9.386"/>
  <system-out/>
  <testcase classname="testScripts.LoginPageTest" name="VerifyingLoginFailureWithInvalidEmailFormat" time="9.460"/>
  <system-out/>
  <testcase classname="testScripts.LoginPageTest" name="VerifyingLoginWithValidCredentials" time="13.763"/>
  <system-out/>
</testsuite> <!-- testScripts.LoginPageTest -->
