<?xml version="1.0" encoding="UTF-8"?>
<!-- Generated by org.testng.reporters.JUnitReportReporter -->
<testsuite hostname="DESKTOP-CPG5TUI" failures="0" tests="8" name="com.providio.testcases.Tc_CreateAccount" time="84.916" errors="0" timestamp="2023-07-18T19:00:54 IST" skipped="0">
  <testcase classname="com.providio.testcases.Tc_CreateAccount" name="openBrowserandClickSignInButton" time="10.644"/>
  <system-out/>
  <testcase classname="com.providio.testcases.Tc_CreateAccount" name="validateEmailAndConfirmEmail" time="12.922"/>
  <system-out/>
  <testcase classname="com.providio.testcases.Tc_CreateAccount" name="passwordMismatch" time="12.861"/>
  <system-out/>
  <testcase classname="com.providio.testcases.Tc_CreateAccount" name="emptyText" time="11.036"/>
  <system-out/>
  <testcase classname="com.providio.testcases.Tc_CreateAccount" name="validatePasswordStrength" time="12.977"/>
  <system-out/>
  <testcase classname="com.providio.testcases.Tc_CreateAccount" name="validatingWithExistingAccount" time="8.001"/>
  <system-out/>
  <testcase classname="com.providio.testcases.Tc_CreateAccount" name="ValidatingEmailformatError" time="7.952"/>
  <system-out/>
  <testcase classname="com.providio.testcases.Tc_CreateAccount" name="validatingPhoneNumError" time="8.523"/>
  <system-out/>
</testsuite> <!-- com.providio.testcases.Tc_CreateAccount -->
