<?xml version="1.0" encoding="UTF-8"?>
<!-- Generated by org.testng.reporters.JUnitReportReporter -->
<testsuite hostname="DESKTOP-4ISB8O1" failures="0" tests="1" name="testScripts.OrderPlacingWithAllPaymentsTest" time="123.362" errors="0" timestamp="2024-02-07T01:43:32 IST" skipped="0">
  <testcase classname="testScripts.OrderPlacingWithAllPaymentsTest" name="verifyingOrderIsPlacingWithCreditCard" time="123.362"/>
  <system-out/>
</testsuite> <!-- testScripts.OrderPlacingWithAllPaymentsTest -->
