<?xml version="1.0" encoding="UTF-8"?>
<!-- Generated by org.testng.reporters.JUnitReportReporter -->
<testsuite hostname="DESKTOP-CPG5TUI" failures="0" tests="1" name="browser.launchBrowsering" time="5.713" errors="0" timestamp="2024-01-25T18:26:47 IST" skipped="0">
  <testcase classname="browser.launchBrowsering" name="verifyHomePageLaunching" time="5.713"/>
  <system-out/>
</testsuite> <!-- browser.launchBrowsering -->
