<?xml version="1.0" encoding="UTF-8"?>
<!-- Generated by org.testng.reporters.JUnitReportReporter -->
<testsuite hostname="DESKTOP-CPG5TUI" failures="0" tests="1" name="testScripts.OrderPlacingWithAllPaymentsTest" time="132.547" errors="0" timestamp="2024-01-24T18:52:11 IST" skipped="0">
  <testcase classname="testScripts.OrderPlacingWithAllPaymentsTest" name="VerifingOrderIsPlacingWithCombinationOfGcAndCreditCard" time="132.547"/>
  <system-out/>
</testsuite> <!-- testScripts.OrderPlacingWithAllPaymentsTest -->
