<?xml version="1.0" encoding="UTF-8"?>
<!-- Generated by org.testng.reporters.JUnitReportReporter -->
<testsuite hostname="DESKTOP-CPG5TUI" failures="0" tests="1" name="testScripts.LogOutTest" time="12.164" errors="0" timestamp="2024-02-09T12:04:25 IST" skipped="0">
  <testcase classname="testScripts.LogOutTest" name="verifyLogout" time="12.164"/>
  <system-out/>
</testsuite> <!-- testScripts.LogOutTest -->
