<?xml version="1.0" encoding="UTF-8"?>
<!-- Generated by org.testng.reporters.JUnitReportReporter -->
<testsuite hostname="DESKTOP-CPG5TUI" failures="0" tests="1" name="testScripts.LoginPageTest" time="26.108" errors="0" timestamp="2024-02-08T21:28:59 IST" skipped="0">
  <testcase classname="testScripts.LoginPageTest" name="VerifyingLoginWithValidCredentials" time="26.108"/>
  <system-out/>
</testsuite> <!-- testScripts.LoginPageTest -->
