<?xml version="1.0" encoding="UTF-8"?>
<!-- Generated by org.testng.reporters.JUnitReportReporter -->
<testsuite hostname="DESKTOP-CPG5TUI" failures="0" tests="24" name="testScripts.PaymentPageTest" time="639.360" errors="1" timestamp="2024-02-12T14:22:10 IST" skipped="0">
  <testcase classname="testScripts.PaymentPageTest" name="verifyingEnterGiftCodeErrorMsg" time="73.487"/>
  <system-out/>
  <testcase classname="testScripts.PaymentPageTest" name="verifyingCreditCardExpDateInValid" time="13.373"/>
  <system-out/>
  <testcase classname="testScripts.PaymentPageTest" name="verifyingCreditCardNumberInCompleteError" time="13.304"/>
  <system-out/>
  <testcase classname="testScripts.PaymentPageTest" name="verifyingAddnewCreditCard" time="6.768"/>
  <system-out/>
  <testcase classname="testScripts.PaymentPageTest" name="verifyingBillingPhoneNumberError" time="89.573"/>
  <system-out/>
  <testcase classname="testScripts.PaymentPageTest" name="verifyingCreditcardWithValidDetails" time="0.142">
    <error message="For input string: &quot;&quot;" type="java.lang.NumberFormatException">
      <![CDATA[java.lang.NumberFormatException: For input string: ""
at java.base/java.lang.NumberFormatException.forInputString(NumberFormatException.java:67)
at java.base/java.lang.Integer.parseInt(Integer.java:678)
at java.base/java.lang.Integer.parseInt(Integer.java:786)
at tasks.MiniCartPageTasks.miniCartValue(MiniCartPageTasks.java:25)
at tasks.HomePageTasks.miniCartBtnClick(HomePageTasks.java:97)
at tasks.ViewCartPageTasks.viewCartpage(ViewCartPageTasks.java:40)
at tasks.CheckOutPageTasks.CheckOutPageLoaded(CheckOutPageTasks.java:32)
at tasks.CheckOutPageTasks.GuestMailCheckOut(CheckOutPageTasks.java:38)
at tasks.ShippingPageTasks.shippingPage(ShippingPageTasks.java:28)
at tasks.ShippingPageTasks.enterValidAddress(ShippingPageTasks.java:135)
at tasks.PaymentPageTasks.paymentPageView(PaymentPageTasks.java:38)
at tasks.PaymentPageTasks.creditCardWithValidDetails(PaymentPageTasks.java:263)
at testScripts.PaymentPageTest.verifyingCreditcardWithValidDetails(PaymentPageTest.java:126)
at java.base/jdk.internal.reflect.NativeMethodAccessorImpl.invoke0(Native Method)
at java.base/jdk.internal.reflect.NativeMethodAccessorImpl.invoke(NativeMethodAccessorImpl.java:77)
at java.base/jdk.internal.reflect.DelegatingMethodAccessorImpl.invoke(DelegatingMethodAccessorImpl.java:43)
at java.base/java.lang.reflect.Method.invoke(Method.java:568)
at org.testng.internal.invokers.MethodInvocationHelper.invokeMethod(MethodInvocationHelper.java:139)
at org.testng.internal.invokers.TestInvoker.invokeMethod(TestInvoker.java:677)
at org.testng.internal.invokers.TestInvoker.invokeTestMethod(TestInvoker.java:221)
at org.testng.internal.invokers.MethodRunner.runInSequence(MethodRunner.java:50)
at org.testng.internal.invokers.TestInvoker$MethodInvocationAgent.invoke(TestInvoker.java:969)
at org.testng.internal.invokers.TestInvoker.invokeTestMethods(TestInvoker.java:194)
at org.testng.internal.invokers.TestMethodWorker.invokeTestMethods(TestMethodWorker.java:148)
at org.testng.internal.invokers.TestMethodWorker.run(TestMethodWorker.java:128)
at java.base/java.util.ArrayList.forEach(ArrayList.java:1511)
at org.testng.TestRunner.privateRun(TestRunner.java:829)
at org.testng.TestRunner.run(TestRunner.java:602)
at org.testng.SuiteRunner.runTest(SuiteRunner.java:437)
at org.testng.SuiteRunner.runSequentially(SuiteRunner.java:431)
at org.testng.SuiteRunner.privateRun(SuiteRunner.java:391)
at org.testng.SuiteRunner.run(SuiteRunner.java:330)
at org.testng.SuiteRunnerWorker.runSuite(SuiteRunnerWorker.java:52)
at org.testng.SuiteRunnerWorker.run(SuiteRunnerWorker.java:95)
at org.testng.TestNG.runSuitesSequentially(TestNG.java:1256)
at org.testng.TestNG.runSuitesLocally(TestNG.java:1176)
at org.testng.TestNG.runSuites(TestNG.java:1099)
at org.testng.TestNG.run(TestNG.java:1067)
at org.testng.remote.AbstractRemoteTestNG.run(AbstractRemoteTestNG.java:115)
at org.testng.remote.RemoteTestNG.initAndRun(RemoteTestNG.java:251)
at org.testng.remote.RemoteTestNG.main(RemoteTestNG.java:77)
]]>
    </error>
  </testcase> <!-- verifyingCreditcardWithValidDetails -->
  <system-out/>
  <testcase classname="testScripts.PaymentPageTest" name="verifyingEtgLogoDisplayInPaymentPage" time="2.097"/>
  <system-out/>
  <testcase classname="testScripts.PaymentPageTest" name="verifyingEditCustomerInfoFromPaymentPageAndPlaceOrder" time="62.092"/>
  <system-out/>
  <testcase classname="testScripts.PaymentPageTest" name="verifyingCvvAndExpErrorInCreditCard" time="13.619"/>
  <system-out/>
  <testcase classname="testScripts.PaymentPageTest" name="verifyingCreditCardInCompleteExpYearError" time="13.406"/>
  <system-out/>
  <testcase classname="testScripts.PaymentPageTest" name="verifyingAllTheErrorsInCreditCard" time="13.401"/>
  <system-out/>
  <testcase classname="testScripts.PaymentPageTest" name="verifyingAddNewBillingAddressFromPaymentPageAndPlaceOrder" time="114.742"/>
  <system-out/>
  <testcase classname="testScripts.PaymentPageTest" name="verifyingPaginationOfProductsInPaymentPage" time="45.061"/>
  <system-out/>
  <testcase classname="testScripts.PaymentPageTest" name="verifyingRemovalOfAppliedGc" time="5.372"/>
  <system-out/>
  <testcase classname="testScripts.PaymentPageTest" name="verifyingUpdateBillingAddressAndPlaceOrder" time="85.728"/>
  <system-out/>
  <testcase classname="testScripts.PaymentPageTest" name="verifyingCreditcardNumberInValidError" time="13.418"/>
  <system-out/>
  <testcase classname="testScripts.PaymentPageTest" name="verifyingPaymentInfoDisplayInPaymentPage" time="2.099"/>
  <system-out/>
  <testcase classname="testScripts.PaymentPageTest" name="verifyingOrderSummaryDisplayInPaymentPage" time="2.117"/>
  <system-out/>
  <testcase classname="testScripts.PaymentPageTest" name="verifyingCvvErrorInCreditCard" time="13.348"/>
  <system-out/>
  <testcase classname="testScripts.PaymentPageTest" name="verifyingTheCustomerInfoInPaymntPage" time="2.117"/>
  <system-out/>
  <testcase classname="testScripts.PaymentPageTest" name="verifyingBackToCartInPaymentPage" time="30.811"/>
  <system-out/>
  <testcase classname="testScripts.PaymentPageTest" name="verifyingCheckBalanceOfValidGc" time="5.480"/>
  <system-out/>
  <testcase classname="testScripts.PaymentPageTest" name="verifyingCheckBalanceOfInvalidGcErrorMsg" time="4.377"/>
  <system-out/>
  <testcase classname="testScripts.PaymentPageTest" name="verifyingCreditCardInCompleteCvvError" time="13.428"/>
  <system-out/>
</testsuite> <!-- testScripts.PaymentPageTest -->
