<?xml version="1.0" encoding="UTF-8"?>
<!-- Generated by org.testng.reporters.JUnitReportReporter -->
<testsuite hostname="DESKTOP-CPG5TUI" failures="0" tests="5" name="testScripts.CreateAccountPageTest" time="130.543" errors="0" timestamp="2024-01-19T16:16:53 IST" skipped="0">
  <testcase classname="testScripts.CreateAccountPageTest" name="verifyEmailformatError" time="21.078"/>
  <system-out/>
  <testcase classname="testScripts.CreateAccountPageTest" name="verifyCreateAccountWithValidCredentials" time="22.495"/>
  <system-out/>
  <testcase classname="testScripts.CreateAccountPageTest" name="verifyPasswordMismatch" time="21.138"/>
  <system-out/>
  <testcase classname="testScripts.CreateAccountPageTest" name="verifyEmailAndConfirmEmail" time="44.784"/>
  <system-out/>
  <testcase classname="testScripts.CreateAccountPageTest" name="verifyPhoneNumError" time="21.048"/>
  <system-out/>
</testsuite> <!-- testScripts.CreateAccountPageTest -->
