<?xml version="1.0" encoding="UTF-8"?>
<!-- Generated by org.testng.reporters.JUnitReportReporter -->
<testsuite hostname="DESKTOP-CPG5TUI" failures="0" tests="2" name="testScripts.FooterPageTest" time="11.564" errors="0" timestamp="2024-01-31T14:55:07 IST" skipped="0">
  <testcase classname="testScripts.FooterPageTest" name="verifyingResourceFooterLinks" time="8.245"/>
  <system-out/>
  <testcase classname="testScripts.FooterPageTest" name="verifyinginvalidEmailInEmailSignUpBox" time="3.319"/>
  <system-out/>
</testsuite> <!-- testScripts.FooterPageTest -->
