<?xml version="1.0" encoding="UTF-8"?>
<!-- Generated by org.testng.reporters.JUnitReportReporter -->
<testsuite hostname="DESKTOP-4ISB8O1" failures="0" tests="4" name="testScripts.PlaceOrderTest" time="191.212" errors="0" timestamp="2024-02-01T00:23:32 IST" skipped="0">
  <testcase classname="testScripts.PlaceOrderTest" name="verifyingTheEditPaymentToPaypalFromReviewOrderPage" time="86.360"/>
  <system-out/>
  <testcase classname="testScripts.PlaceOrderTest" name="verifyingOrderSummaryDisplayInReviewOrderPage" time="104.437"/>
  <system-out/>
  <testcase classname="testScripts.PlaceOrderTest" name="verifyingEtgLogoDisplayInReviewOrderPage" time="0.208"/>
  <system-out/>
  <testcase classname="testScripts.PlaceOrderTest" name="verifyingPaymentInfoDisplayInReviewOrderPage" time="0.207"/>
  <system-out/>
</testsuite> <!-- testScripts.PlaceOrderTest -->
