<?xml version="1.0" encoding="UTF-8"?>
<!-- Generated by org.testng.reporters.JUnitReportReporter -->
<testsuite hostname="DESKTOP-CPG5TUI" failures="0" tests="1" name="com.GuestUserWith_CreditCard.tc__OnlyGiftCards" time="77.102" errors="0" timestamp="2023-09-27T12:04:44 IST" skipped="0">
  <testcase classname="com.GuestUserWith_CreditCard.tc__OnlyGiftCards" name="OnlyGiftCards" time="77.102"/>
  <system-out/>
</testsuite> <!-- com.GuestUserWith_CreditCard.tc__OnlyGiftCards -->
