<?xml version="1.0" encoding="UTF-8"?>
<!-- Generated by org.testng.reporters.JUnitReportReporter -->
<testsuite hostname="DESKTOP-CPG5TUI" failures="0" tests="1" name="testScripts.ShippingPageTest" time="86.842" errors="0" timestamp="2024-02-09T12:23:21 IST" skipped="0">
  <testcase classname="testScripts.ShippingPageTest" name="verifyingTheCustomerInfoInCheckoutPage2" time="86.842"/>
  <system-out/>
</testsuite> <!-- testScripts.ShippingPageTest -->
