<?xml version="1.0" encoding="UTF-8"?>
<!-- Generated by org.testng.reporters.JUnitReportReporter -->
<testsuite hostname="DESKTOP-CPG5TUI" failures="0" tests="11" name="testScripts.ShippingPageTest" time="208.794" errors="0" timestamp="2024-02-05T13:11:29 IST" skipped="0">
  <testcase classname="testScripts.ShippingPageTest" name="verifyingTheErrorsInFirstName" time="16.176"/>
  <system-out/>
  <testcase classname="testScripts.ShippingPageTest" name="verifyingTheAddressError" time="14.812"/>
  <system-out/>
  <testcase classname="testScripts.ShippingPageTest" name="verifyingAddNewShippingAddress" time="0.115"/>
  <system-out/>
  <testcase classname="testScripts.ShippingPageTest" name="verifyingTheCustomerInfoInCheckoutPage2" time="0.134"/>
  <system-out/>
  <testcase classname="testScripts.ShippingPageTest" name="verifyingAllErrorsInShippingForm" time="4.977"/>
  <system-out/>
  <testcase classname="testScripts.ShippingPageTest" name="verifyingWithValidShippingAddress" time="14.231"/>
  <system-out/>
  <testcase classname="testScripts.ShippingPageTest" name="verifyingPaginationOfProductsInCheckOutPage2" time="60.159"/>
  <system-out/>
  <testcase classname="testScripts.ShippingPageTest" name="verifyingphoneNumberError" time="15.902"/>
  <system-out/>
  <testcase classname="testScripts.ShippingPageTest" name="verifyingEditEmailInCheckoutPage2" time="65.920"/>
  <system-out/>
  <testcase classname="testScripts.ShippingPageTest" name="verifyingUpdateShippingAddress" time="0.099"/>
  <system-out/>
  <testcase classname="testScripts.ShippingPageTest" name="verifyingTheErrorsInLastName" time="16.269"/>
  <system-out/>
</testsuite> <!-- testScripts.ShippingPageTest -->
