<?xml version="1.0" encoding="UTF-8"?>
<!-- Generated by org.testng.reporters.JUnitReportReporter -->
<testsuite hostname="DESKTOP-CPG5TUI" failures="0" tests="7" name="testScripts.FooterPageTest" time="42.487" errors="0" timestamp="2024-01-19T17:59:41 IST" skipped="0">
  <testcase classname="testScripts.FooterPageTest" name="verifyinginvalidEmailInEmailSignUpBox" time="3.315"/>
  <system-out/>
  <testcase classname="testScripts.FooterPageTest" name="verifytheErrorsFromName_Recipients_confirmRecipientEMail" time="6.859"/>
  <system-out/>
  <testcase classname="testScripts.FooterPageTest" name="verifyingResourceFooterLinks" time="5.498"/>
  <system-out/>
  <testcase classname="testScripts.FooterPageTest" name="verifyingWithoutEnteringEmailInSignupBoxInFooter" time="0.007"/>
  <system-out/>
  <testcase classname="testScripts.FooterPageTest" name="verifyErrorMsgsInGiftCard" time="4.645"/>
  <system-out/>
  <testcase classname="testScripts.FooterPageTest" name="verifyTheErrorsRecipientEmailAndConfirmEmail" time="9.645"/>
  <system-out/>
  <testcase classname="testScripts.FooterPageTest" name="verifyErrorsForConfirmMail" time="12.518"/>
  <system-out/>
</testsuite> <!-- testScripts.FooterPageTest -->
