<?xml version="1.0" encoding="UTF-8"?>
<!-- Generated by org.testng.reporters.JUnitReportReporter -->
<testsuite hostname="DESKTOP-4ISB8O1" failures="0" tests="4" name="testScripts.OrderPlacingWithAllPaymentsTest" time="399.792" errors="0" timestamp="2024-02-01T00:23:32 IST" skipped="0">
  <testcase classname="testScripts.OrderPlacingWithAllPaymentsTest" name="verifyingOrderIsPlacingWithCombinationOfGcAndPaypal" time="134.618"/>
  <system-out/>
  <testcase classname="testScripts.OrderPlacingWithAllPaymentsTest" name="verifyingOrderIsPlacingWithMiniCartPaypal" time="66.767"/>
  <system-out/>
  <testcase classname="testScripts.OrderPlacingWithAllPaymentsTest" name="verifyingOrderIsPlacingWithPaypalBuyNowInPdpPage" time="22.970"/>
  <system-out/>
  <testcase classname="testScripts.OrderPlacingWithAllPaymentsTest" name="verifyingOrderIsPlacingWithPaypalFromCheckoutPage" time="175.437"/>
  <system-out/>
</testsuite> <!-- testScripts.OrderPlacingWithAllPaymentsTest -->
