<?xml version="1.0" encoding="UTF-8"?>
<!-- Generated by org.testng.reporters.JUnitReportReporter -->
<testsuite hostname="DESKTOP-CPG5TUI" failures="0" tests="5" name="testScripts.CreateAccountPageTest" time="130.017" errors="0" timestamp="2024-02-06T20:34:44 IST" skipped="0">
  <testcase classname="testScripts.CreateAccountPageTest" name="verifyCreateAccountWithValidCredentials" time="22.401"/>
  <system-out/>
  <testcase classname="testScripts.CreateAccountPageTest" name="verifyEmailAndConfirmEmail" time="44.618"/>
  <system-out/>
  <testcase classname="testScripts.CreateAccountPageTest" name="verifyEmailformatError" time="21.018"/>
  <system-out/>
  <testcase classname="testScripts.CreateAccountPageTest" name="verifyPhoneNumError" time="20.961"/>
  <system-out/>
  <testcase classname="testScripts.CreateAccountPageTest" name="verifyPasswordMismatch" time="21.019"/>
  <system-out/>
</testsuite> <!-- testScripts.CreateAccountPageTest -->
