<?xml version="1.0" encoding="UTF-8"?>
<!-- Generated by org.testng.reporters.JUnitReportReporter -->
<testsuite hostname="DESKTOP-CPG5TUI" failures="0" tests="5" name="testScripts.GiftCertificateTest" time="60.244" errors="0" timestamp="2024-02-06T20:34:44 IST" skipped="0">
  <testcase classname="testScripts.GiftCertificateTest" name="verifyGiftCardToCart" time="21.325"/>
  <system-out/>
  <testcase classname="testScripts.GiftCertificateTest" name="verifyErrorsForConfirmMail" time="12.706"/>
  <system-out/>
  <testcase classname="testScripts.GiftCertificateTest" name="verifytheErrorsFromName_Recipients_confirmRecipientEMail" time="9.328"/>
  <system-out/>
  <testcase classname="testScripts.GiftCertificateTest" name="verifyErrorMsgsInGiftCard" time="6.650"/>
  <system-out/>
  <testcase classname="testScripts.GiftCertificateTest" name="verifyTheErrorsRecipientEmailAndConfirmEmail" time="10.235"/>
  <system-out/>
</testsuite> <!-- testScripts.GiftCertificateTest -->
