<?xml version="1.0" encoding="UTF-8"?>
<!-- Generated by org.testng.reporters.JUnitReportReporter -->
<testsuite hostname="DESKTOP-CPG5TUI" failures="0" tests="15" name="testScripts.ShippingPageTest" time="364.630" errors="0" timestamp="2024-02-06T20:34:44 IST" skipped="0">
  <testcase classname="testScripts.ShippingPageTest" name="verifyingTheErrorsInFirstName" time="15.899"/>
  <system-out/>
  <testcase classname="testScripts.ShippingPageTest" name="verifyingOrderSummaryDisplayInShippingPageTasks_Page" time="0.096"/>
  <system-out/>
  <testcase classname="testScripts.ShippingPageTest" name="verifyingAddNewShippingAddressAndPlaceOrder" time="0.089"/>
  <system-out/>
  <testcase classname="testScripts.ShippingPageTest" name="verifyingAllErrorsInShippingForm" time="4.431"/>
  <system-out/>
  <testcase classname="testScripts.ShippingPageTest" name="verifyingNextPaymentButtonDisplayInShippingPageTasks_Page" time="0.084"/>
  <system-out/>
  <testcase classname="testScripts.ShippingPageTest" name="verifyingPaginationOfProductsInCheckOutPage2" time="88.696"/>
  <system-out/>
  <testcase classname="testScripts.ShippingPageTest" name="verifyingEditEmailFromShippingPageAndPlaceOrder" time="60.909"/>
  <system-out/>
  <testcase classname="testScripts.ShippingPageTest" name="verifyingBackToCartFromShippingPage" time="7.721"/>
  <system-out/>
  <testcase classname="testScripts.ShippingPageTest" name="verifyingUpdateShippingAddressAndPlaceOrder" time="53.145"/>
  <system-out/>
  <testcase classname="testScripts.ShippingPageTest" name="verifyingTheErrorsInLastName" time="15.714"/>
  <system-out/>
  <testcase classname="testScripts.ShippingPageTest" name="verifyingWithValidShippingAddress" time="14.821"/>
  <system-out/>
  <testcase classname="testScripts.ShippingPageTest" name="verifyingTheAddressError" time="14.628"/>
  <system-out/>
  <testcase classname="testScripts.ShippingPageTest" name="verifyingTheCustomerInfoInCheckoutPage2" time="72.641"/>
  <system-out/>
  <testcase classname="testScripts.ShippingPageTest" name="verifyingEtgLogoDisplayInShippingPageTasks_Page" time="0.071"/>
  <system-out/>
  <testcase classname="testScripts.ShippingPageTest" name="verifyingphoneNumberError" time="15.685"/>
  <system-out/>
</testsuite> <!-- testScripts.ShippingPageTest -->
