<?xml version="1.0" encoding="UTF-8"?>
<!-- Generated by org.testng.reporters.JUnitReportReporter -->
<testsuite hostname="DESKTOP-CPG5TUI" failures="0" tests="11" name="testScripts.ShippingPageTest" time="207.587" errors="0" timestamp="2024-02-01T19:00:21 IST" skipped="0">
  <testcase classname="testScripts.ShippingPageTest" name="verifyingEditEmailInCheckoutPage2" time="65.249"/>
  <system-out/>
  <testcase classname="testScripts.ShippingPageTest" name="verifyingAllErrorsInShippingForm" time="4.704"/>
  <system-out/>
  <testcase classname="testScripts.ShippingPageTest" name="verifyingTheAddressError" time="14.645"/>
  <system-out/>
  <testcase classname="testScripts.ShippingPageTest" name="verifyingTheErrorsInFirstName" time="15.762"/>
  <system-out/>
  <testcase classname="testScripts.ShippingPageTest" name="verifyingTheErrorsInLastName" time="15.835"/>
  <system-out/>
  <testcase classname="testScripts.ShippingPageTest" name="verifyingAddNewShippingAddress" time="0.071"/>
  <system-out/>
  <testcase classname="testScripts.ShippingPageTest" name="verifyingphoneNumberError" time="15.902"/>
  <system-out/>
  <testcase classname="testScripts.ShippingPageTest" name="verifyingTheCustomerInfoInCheckoutPage2" time="0.077"/>
  <system-out/>
  <testcase classname="testScripts.ShippingPageTest" name="verifyingPaginationOfProductsInCheckOutPage2" time="61.350"/>
  <system-out/>
  <testcase classname="testScripts.ShippingPageTest" name="verifyingUpdateShippingAddress" time="0.058"/>
  <system-out/>
  <testcase classname="testScripts.ShippingPageTest" name="verifyingWithValidShippingAddress" time="13.934"/>
  <system-out/>
</testsuite> <!-- testScripts.ShippingPageTest -->
