<?xml version="1.0" encoding="UTF-8"?>
<!-- Generated by org.testng.reporters.JUnitReportReporter -->
<testsuite hostname="DESKTOP-CPG5TUI" failures="0" tests="1" name="testScripts.PaymentPageTest" time="156.681" errors="0" timestamp="2024-02-05T14:34:16 IST" skipped="0">
  <testcase classname="testScripts.PaymentPageTest" name="verifyingCreditcardWithValidDetails" time="156.681"/>
  <system-out/>
</testsuite> <!-- testScripts.PaymentPageTest -->
