<?xml version="1.0" encoding="UTF-8"?>
<!-- Generated by org.testng.reporters.JUnitReportReporter -->
<testsuite hostname="DESKTOP-CPG5TUI" failures="0" tests="5" name="testScripts.GiftCertificateTest" time="66.008" errors="0" timestamp="2024-02-08T20:15:58 IST" skipped="0">
  <testcase classname="testScripts.GiftCertificateTest" name="verifytheErrorsFromName_Recipients_confirmRecipientEMail" time="9.201"/>
  <system-out/>
  <testcase classname="testScripts.GiftCertificateTest" name="verifyGiftCardToCart" time="17.243"/>
  <system-out/>
  <testcase classname="testScripts.GiftCertificateTest" name="verifyErrorsForConfirmMail" time="13.257"/>
  <system-out/>
  <testcase classname="testScripts.GiftCertificateTest" name="verifyErrorMsgsInGiftCard" time="15.335"/>
  <system-out/>
  <testcase classname="testScripts.GiftCertificateTest" name="verifyTheErrorsRecipientEmailAndConfirmEmail" time="10.972"/>
  <system-out/>
</testsuite> <!-- testScripts.GiftCertificateTest -->
