<?xml version="1.0" encoding="UTF-8"?>
<!-- Generated by org.testng.reporters.JUnitReportReporter -->
<testsuite hostname="DESKTOP-CPG5TUI" failures="0" tests="1" name="com.providio.testcases.tc_PaymentByGiftCardInGuestUser" time="201.403" errors="0" timestamp="2023-07-10T15:31:22 IST" skipped="0">
  <testcase classname="com.providio.testcases.tc_PaymentByGiftCardInGuestUser" name="paymentByGiftCardInGuestUser" time="201.403"/>
  <system-out/>
</testsuite> <!-- com.providio.testcases.tc_PaymentByGiftCardInGuestUser -->
