<?xml version="1.0" encoding="UTF-8"?>
<!-- Generated by org.testng.reporters.JUnitReportReporter -->
<testsuite hostname="DESKTOP-CPG5TUI" failures="0" tests="5" name="testScripts.CreateAccountPageTest" time="62.713" errors="0" timestamp="2024-02-09T12:04:25 IST" skipped="0">
  <testcase classname="testScripts.CreateAccountPageTest" name="verifyEmailformatError" time="7.021"/>
  <system-out/>
  <testcase classname="testScripts.CreateAccountPageTest" name="verifyEmailAndConfirmEmail" time="31.574"/>
  <system-out/>
  <testcase classname="testScripts.CreateAccountPageTest" name="verifyPasswordMismatch" time="6.920"/>
  <system-out/>
  <testcase classname="testScripts.CreateAccountPageTest" name="verifyCreateAccountWithValidCredentials" time="10.164"/>
  <system-out/>
  <testcase classname="testScripts.CreateAccountPageTest" name="verifyPhoneNumError" time="7.034"/>
  <system-out/>
</testsuite> <!-- testScripts.CreateAccountPageTest -->
