<?xml version="1.0" encoding="UTF-8"?>
<!-- Generated by org.testng.reporters.JUnitReportReporter -->
<testsuite hostname="DESKTOP-CPG5TUI" failures="0" tests="1" name="testScripts.PlaceOrderTest" time="7.192" errors="0" timestamp="2024-01-24T18:27:50 IST" skipped="0">
  <testcase classname="testScripts.PlaceOrderTest" name="verifyingPlaceOrderButton" time="7.192"/>
  <system-out/>
</testsuite> <!-- testScripts.PlaceOrderTest -->
