<?xml version="1.0" encoding="UTF-8"?>
<!-- Generated by org.testng.reporters.JUnitReportReporter -->
<testsuite hostname="DESKTOP-CPG5TUI" failures="0" tests="11" name="testScripts.ReviewOrderTest" time="2.026" errors="0" timestamp="2024-02-07T15:18:26 IST" skipped="0">
  <testcase classname="testScripts.ReviewOrderTest" name="verifyingTheEditPhoneNumInShippingAddressFromReviewOrderPageAndPlaceOrder" time="0.064"/>
  <system-out/>
  <testcase classname="testScripts.ReviewOrderTest" name="verifyingPaginationOfProductsInReviewOrderPage" time="0.079"/>
  <system-out/>
  <testcase classname="testScripts.ReviewOrderTest" name="verifyingTheDisplayOfCustomerInfoInReviewOrderPage" time="0.089"/>
  <system-out/>
  <testcase classname="testScripts.ReviewOrderTest" name="verifyingTheEditShippingAddressFromReviewOrderPageAndPlaceOrder" time="0.081"/>
  <system-out/>
  <testcase classname="testScripts.ReviewOrderTest" name="verifyingTheEditBillingAddressFromReviewOrderPageAndPlaceOrder" time="0.077"/>
  <system-out/>
  <testcase classname="testScripts.ReviewOrderTest" name="verifyingTheEditPaymentToPaypalFromReviewOrderPage" time="0.104"/>
  <system-out/>
  <testcase classname="testScripts.ReviewOrderTest" name="verifyingPlaceOrderButtonDisplayInReviewOrderPage" time="0.104"/>
  <system-out/>
  <testcase classname="testScripts.ReviewOrderTest" name="verifyingOrderSummaryDisplayInReviewOrderPage" time="0.069"/>
  <system-out/>
  <testcase classname="testScripts.ReviewOrderTest" name="verifyingPaymentInfoDisplayInReviewOrderPage" time="0.067"/>
  <system-out/>
  <testcase classname="testScripts.ReviewOrderTest" name="verifyingEtgLogoDisplayInReviewOrderPage" time="0.065"/>
  <system-out/>
  <testcase classname="testScripts.ReviewOrderTest" name="verifyingEditPhoneNumberInBillingAddressFromReviewOrderPageAndPlaceOrder" time="1.227"/>
  <system-out/>
</testsuite> <!-- testScripts.ReviewOrderTest -->
