<?xml version="1.0" encoding="UTF-8"?>
<!-- Generated by org.testng.reporters.JUnitReportReporter -->
<testsuite hostname="DESKTOP-CPG5TUI" failures="0" tests="11" name="testScripts.PaymentPageTests" time="171.004" errors="0" timestamp="2024-01-19T17:59:41 IST" skipped="0">
  <testcase classname="testScripts.PaymentPageTests" name="verifyingCreditcardWithValidDetails" time="13.814"/>
  <system-out/>
  <testcase classname="testScripts.PaymentPageTests" name="verifyingCreditcardNumberInValidError" time="4.421"/>
  <system-out/>
  <testcase classname="testScripts.PaymentPageTests" name="verifyingPaymentDetails" time="143.123"/>
  <system-out/>
  <testcase classname="testScripts.PaymentPageTests" name="verifyingCreditCardNumberInCompleteError" time="2.348"/>
  <system-out/>
  <testcase classname="testScripts.PaymentPageTests" name="verifyingCvvAndExpErrorInCreditCard" time="0.098"/>
  <system-out/>
  <testcase classname="testScripts.PaymentPageTests" name="verifyingAddnewCreditCard" time="0.036"/>
  <system-out/>
  <testcase classname="testScripts.PaymentPageTests" name="verifyingCreditCardExpDateInValid" time="2.324"/>
  <system-out/>
  <testcase classname="testScripts.PaymentPageTests" name="verifyingCvvErrorInCreditCard" time="0.094"/>
  <system-out/>
  <testcase classname="testScripts.PaymentPageTests" name="verifyingCreditCardInCompleteCvvError" time="2.271"/>
  <system-out/>
  <testcase classname="testScripts.PaymentPageTests" name="verifyingAllTheErrorsInCreditCard" time="0.154"/>
  <system-out/>
  <testcase classname="testScripts.PaymentPageTests" name="verifyingCreditCardInCompleteExpYearError" time="2.321"/>
  <system-out/>
</testsuite> <!-- testScripts.PaymentPageTests -->
