<?xml version="1.0" encoding="UTF-8"?>
<!-- Generated by org.testng.reporters.JUnitReportReporter -->
<testsuite hostname="DESKTOP-CPG5TUI" failures="0" tests="6" name="testScripts.FooterPageTest" time="46.629" errors="0" timestamp="2024-01-23T18:28:24 IST" skipped="0">
  <testcase classname="testScripts.FooterPageTest" name="verifyErrorMsgsInGiftCard" time="7.623"/>
  <system-out/>
  <testcase classname="testScripts.FooterPageTest" name="verifyErrorsForConfirmMail" time="12.262"/>
  <system-out/>
  <testcase classname="testScripts.FooterPageTest" name="verifytheErrorsFromName_Recipients_confirmRecipientEMail" time="8.556"/>
  <system-out/>
  <testcase classname="testScripts.FooterPageTest" name="verifyingResourceFooterLinks" time="4.604"/>
  <system-out/>
  <testcase classname="testScripts.FooterPageTest" name="verifyTheErrorsRecipientEmailAndConfirmEmail" time="10.307"/>
  <system-out/>
  <testcase classname="testScripts.FooterPageTest" name="verifyinginvalidEmailInEmailSignUpBox" time="3.277"/>
  <system-out/>
</testsuite> <!-- testScripts.FooterPageTest -->
