<?xml version="1.0" encoding="UTF-8"?>
<!-- Generated by org.testng.reporters.JUnitReportReporter -->
<testsuite hostname="DESKTOP-CPG5TUI" failures="0" tests="1" name="com.providio.testcases.Tc_Login" time="64.799" errors="0" timestamp="2023-07-20T19:33:40 IST" skipped="0">
  <testcase classname="com.providio.testcases.Tc_Login" name="loginTest" time="64.799"/>
  <system-out/>
</testsuite> <!-- com.providio.testcases.Tc_Login -->
