<?xml version="1.0" encoding="UTF-8"?>
<!-- Generated by org.testng.reporters.JUnitReportReporter -->
<testsuite hostname="DESKTOP-CPG5TUI" failures="0" tests="13" name="testScripts.checkOutPage3Test" time="223.704" errors="0" timestamp="2024-01-23T15:15:35 IST" skipped="0">
  <testcase classname="testScripts.checkOutPage3Test" name="verifyingCreditCardInCompleteCvvError" time="9.422"/>
  <system-out/>
  <testcase classname="testScripts.checkOutPage3Test" name="verifyingCreditcardWithValidDetails" time="11.869"/>
  <system-out/>
  <testcase classname="testScripts.checkOutPage3Test" name="verifyingEditShippingAddress" time="118.800"/>
  <system-out/>
  <testcase classname="testScripts.checkOutPage3Test" name="verifyingCreditCardNumberInCompleteError" time="9.517"/>
  <system-out/>
  <testcase classname="testScripts.checkOutPage3Test" name="verifyingCreditCardExpDateInValid" time="9.526"/>
  <system-out/>
  <testcase classname="testScripts.checkOutPage3Test" name="verifyingEditCustomerInfoFromCop3" time="22.628"/>
  <system-out/>
  <testcase classname="testScripts.checkOutPage3Test" name="verifyingCreditcardNumberInValidError" time="11.395"/>
  <system-out/>
  <testcase classname="testScripts.checkOutPage3Test" name="verifyingGiftMessage" time="12.490"/>
  <system-out/>
  <testcase classname="testScripts.checkOutPage3Test" name="verifyingCvvAndExpErrorInCreditCard" time="2.159"/>
  <system-out/>
  <testcase classname="testScripts.checkOutPage3Test" name="verifyingCvvErrorInCreditCard" time="2.127"/>
  <system-out/>
  <testcase classname="testScripts.checkOutPage3Test" name="verifyingAllTheErrorsInCreditCard" time="2.221"/>
  <system-out/>
  <testcase classname="testScripts.checkOutPage3Test" name="verifyingAddnewCreditCard" time="2.066"/>
  <system-out/>
  <testcase classname="testScripts.checkOutPage3Test" name="verifyingCreditCardInCompleteExpYearError" time="9.484"/>
  <system-out/>
</testsuite> <!-- testScripts.checkOutPage3Test -->
