<?xml version="1.0" encoding="UTF-8"?>
<!-- Generated by org.testng.reporters.JUnitReportReporter -->
<testsuite hostname="DESKTOP-CPG5TUI" failures="0" tests="1" name="com.providio.testcases.practice" time="16.059" errors="0" timestamp="2023-09-29T15:50:55 IST" skipped="0">
  <testcase classname="com.providio.testcases.practice" name="practice" time="16.059"/>
  <system-out/>
</testsuite> <!-- com.providio.testcases.practice -->
