<?xml version="1.0" encoding="UTF-8"?>
<!-- Generated by org.testng.reporters.JUnitReportReporter -->
<testsuite hostname="DESKTOP-CPG5TUI" failures="0" tests="2" name="testScripts.FooterPageTest" time="7.078" errors="0" timestamp="2024-02-12T14:22:10 IST" skipped="0">
  <testcase classname="testScripts.FooterPageTest" name="verifyinginvalidEmailInEmailSignUpBox" time="1.339"/>
  <system-out/>
  <testcase classname="testScripts.FooterPageTest" name="verifyingResourceFooterLinks" time="5.739"/>
  <system-out/>
</testsuite> <!-- testScripts.FooterPageTest -->
