<?xml version="1.0" encoding="UTF-8"?>
<!-- Generated by org.testng.reporters.JUnitReportReporter -->
<testsuite hostname="Upendra" failures="0" tests="1" name="testScripts.CheckOutPageTests" time="95.579" errors="0" timestamp="2024-01-09T10:16:39 IST" skipped="0">
  <testcase classname="testScripts.CheckOutPageTests" name="VerifedThatGuestLoginFuncitonalityInCheckOutPage" time="95.579"/>
  <system-out/>
</testsuite> <!-- testScripts.CheckOutPageTests -->
