<?xml version="1.0" encoding="UTF-8"?>
<!-- Generated by org.testng.reporters.JUnitReportReporter -->
<testsuite hostname="DESKTOP-CPG5TUI" failures="0" tests="11" name="testScripts.CheckOutPage2Test" time="244.550" errors="0" timestamp="2024-01-29T19:21:45 IST" skipped="0">
  <testcase classname="testScripts.CheckOutPage2Test" name="verifyingPaginationOfProductsInCheckOutPage2" time="78.124"/>
  <system-out/>
  <testcase classname="testScripts.CheckOutPage2Test" name="verifyingTheAddressError" time="14.770"/>
  <system-out/>
  <testcase classname="testScripts.CheckOutPage2Test" name="verifyingAllErrorsInShippingForm" time="4.685"/>
  <system-out/>
  <testcase classname="testScripts.CheckOutPage2Test" name="verifyingTheCustomerInfoInCheckoutPage2" time="70.568"/>
  <system-out/>
  <testcase classname="testScripts.CheckOutPage2Test" name="verifyingNextPaymentButtonDisplayInCheckOutPage2Tasks_Page" time="0.091"/>
  <system-out/>
  <testcase classname="testScripts.CheckOutPage2Test" name="verifyingTheErrorsInLastName" time="16.090"/>
  <system-out/>
  <testcase classname="testScripts.CheckOutPage2Test" name="verifyingEtgLogoDisplayInCheckOutPage2Tasks_Page" time="0.338"/>
  <system-out/>
  <testcase classname="testScripts.CheckOutPage2Test" name="verifyingphoneNumberError" time="15.851"/>
  <system-out/>
  <testcase classname="testScripts.CheckOutPage2Test" name="verifyingWithValidShippingAddress" time="14.006"/>
  <system-out/>
  <testcase classname="testScripts.CheckOutPage2Test" name="verifyingTheErrorsInFirstName" time="16.438"/>
  <system-out/>
  <testcase classname="testScripts.CheckOutPage2Test" name="verifyingEditEmailInCheckoutPage2" time="13.589"/>
  <system-out/>
</testsuite> <!-- testScripts.CheckOutPage2Test -->
