<?xml version="1.0" encoding="UTF-8"?>
<!-- Generated by org.testng.reporters.JUnitReportReporter -->
<testsuite hostname="DESKTOP-CPG5TUI" failures="0" tests="5" name="testScripts.CreateAccountPageTest" time="134.059" errors="0" timestamp="2024-01-19T17:59:41 IST" skipped="0">
  <testcase classname="testScripts.CreateAccountPageTest" name="verifyCreateAccountWithValidCredentials" time="23.092"/>
  <system-out/>
  <testcase classname="testScripts.CreateAccountPageTest" name="verifyPasswordMismatch" time="21.196"/>
  <system-out/>
  <testcase classname="testScripts.CreateAccountPageTest" name="verifyEmailAndConfirmEmail" time="47.533"/>
  <system-out/>
  <testcase classname="testScripts.CreateAccountPageTest" name="verifyEmailformatError" time="21.084"/>
  <system-out/>
  <testcase classname="testScripts.CreateAccountPageTest" name="verifyPhoneNumError" time="21.154"/>
  <system-out/>
</testsuite> <!-- testScripts.CreateAccountPageTest -->
