<?xml version="1.0" encoding="UTF-8"?>
<!-- Generated by org.testng.reporters.JUnitReportReporter -->
<testsuite hostname="DESKTOP-SN36904" failures="0" tests="3" name="testScripts.PaymentPageTest" time="61.830" errors="0" timestamp="2024-01-23T22:53:25 IST" skipped="0">
  <testcase classname="testScripts.PaymentPageTest" name="verifyingUpdateBillingAddress" time="37.768"/>
  <system-out/>
  <testcase classname="testScripts.PaymentPageTest" name="verifyingEditShippingAddress" time="19.948"/>
  <system-out/>
  <testcase classname="testScripts.PaymentPageTest" name="verifyingEditCustomerInfoFromCop3" time="4.114"/>
  <system-out/>
</testsuite> <!-- testScripts.PaymentPageTest -->
