<?xml version="1.0" encoding="UTF-8"?>
<!-- Generated by org.testng.reporters.JUnitReportReporter -->
<testsuite hostname="DESKTOP-CPG5TUI" failures="0" tests="5" name="testScripts.CreateAccountPageTest" time="132.389" errors="0" timestamp="2024-01-23T18:28:24 IST" skipped="0">
  <testcase classname="testScripts.CreateAccountPageTest" name="verifyPhoneNumError" time="21.016"/>
  <system-out/>
  <testcase classname="testScripts.CreateAccountPageTest" name="verifyEmailAndConfirmEmail" time="46.863"/>
  <system-out/>
  <testcase classname="testScripts.CreateAccountPageTest" name="verifyCreateAccountWithValidCredentials" time="22.387"/>
  <system-out/>
  <testcase classname="testScripts.CreateAccountPageTest" name="verifyEmailformatError" time="20.991"/>
  <system-out/>
  <testcase classname="testScripts.CreateAccountPageTest" name="verifyPasswordMismatch" time="21.132"/>
  <system-out/>
</testsuite> <!-- testScripts.CreateAccountPageTest -->
