<?xml version="1.0" encoding="UTF-8"?>
<!-- Generated by org.testng.reporters.JUnitReportReporter -->
<testsuite hostname="DESKTOP-CPG5TUI" failures="0" tests="1" name="com.providio.testcases.Practice2" time="62.582" errors="0" timestamp="2023-07-20T14:06:06 IST" skipped="0">
  <testcase classname="com.providio.testcases.Practice2" name="initializeDriver" time="62.582"/>
  <system-out/>
</testsuite> <!-- com.providio.testcases.Practice2 -->
