<?xml version="1.0" encoding="UTF-8"?>
<!-- Generated by org.testng.reporters.JUnitReportReporter -->
<testsuite hostname="Upendra" failures="0" tests="2" name="testScripts.ProductDetailPageTest" time="79.964" errors="0" timestamp="2024-01-09T11:35:23 IST" skipped="0">
  <testcase classname="testScripts.ProductDetailPageTest" name="VerifedThatAddtoCartFunctionalityInPDP" time="41.326"/>
  <system-out/>
  <testcase classname="testScripts.ProductDetailPageTest" name="VerifedThatWishlistFunctionalityInPDP" time="38.638"/>
  <system-out/>
</testsuite> <!-- testScripts.ProductDetailPageTest -->
