<?xml version="1.0" encoding="UTF-8"?>
<!-- Generated by org.testng.reporters.JUnitReportReporter -->
<testsuite hostname="DESKTOP-CPG5TUI" failures="0" tests="1" name="OrderRegression.PlaceOrderWithBuyNowPopUp" time="63.755" errors="0" timestamp="2024-02-09T16:48:43 IST" skipped="0">
  <testcase classname="OrderRegression.PlaceOrderWithBuyNowPopUp" name="verifyingPlacingOrderWithBuyNowPopUp" time="63.755"/>
  <system-out/>
</testsuite> <!-- OrderRegression.PlaceOrderWithBuyNowPopUp -->
