<?xml version="1.0" encoding="UTF-8"?>
<!-- Generated by org.testng.reporters.JUnitReportReporter -->
<testsuite hostname="DESKTOP-CPG5TUI" failures="0" tests="1" name="testScripts.LogOutTest" time="10.746" errors="0" timestamp="2024-01-25T18:15:48 IST" skipped="0">
  <testcase classname="testScripts.LogOutTest" name="verifyLogout" time="10.746"/>
  <system-out/>
</testsuite> <!-- testScripts.LogOutTest -->
