<?xml version="1.0" encoding="UTF-8"?>
<!-- Generated by org.testng.reporters.JUnitReportReporter -->
<testsuite hostname="DESKTOP-CPG5TUI" failures="0" tests="1" name="OrderRegression.PlaceOrderWithBuyNowPopUp" time="86.551" errors="0" timestamp="2024-02-06T20:34:44 IST" skipped="0">
  <testcase classname="OrderRegression.PlaceOrderWithBuyNowPopUp" name="verifyingPlacingOrderWithBuyNowPopUp" time="86.551"/>
  <system-out/>
</testsuite> <!-- OrderRegression.PlaceOrderWithBuyNowPopUp -->
