<?xml version="1.0" encoding="UTF-8"?>
<!-- Generated by org.testng.reporters.JUnitReportReporter -->
<testsuite hostname="DESKTOP-CPG5TUI" failures="0" tests="1" name="browser.launchBrowsering" time="7.539" errors="0" timestamp="2024-02-01T19:00:21 IST" skipped="0">
  <testcase classname="browser.launchBrowsering" name="verifyHomePageLaunching" time="7.539"/>
  <system-out/>
</testsuite> <!-- browser.launchBrowsering -->
