<?xml version="1.0" encoding="UTF-8"?>
<!-- Generated by org.testng.reporters.JUnitReportReporter -->
<testsuite hostname="DESKTOP-CPG5TUI" failures="0" tests="26" name="testScripts.PaymentPageTest" time="346.892" errors="0" timestamp="2024-02-01T19:00:21 IST" skipped="0">
  <testcase classname="testScripts.PaymentPageTest" name="verifyingOrderSummaryDisplayInPaymentPage" time="2.109"/>
  <system-out/>
  <testcase classname="testScripts.PaymentPageTest" name="verifyingEnterGiftCodeErrorMsg" time="3.189"/>
  <system-out/>
  <testcase classname="testScripts.PaymentPageTest" name="verifyingCreditCardExpDateInValid" time="7.688"/>
  <system-out/>
  <testcase classname="testScripts.PaymentPageTest" name="verifyingEditCustomerInfoFromCop3" time="22.604"/>
  <system-out/>
  <testcase classname="testScripts.PaymentPageTest" name="verifyingCreditcardWithValidDetails" time="12.010"/>
  <system-out/>
  <testcase classname="testScripts.PaymentPageTest" name="verifyingBackToCartInPaymentPage" time="37.357"/>
  <system-out/>
  <testcase classname="testScripts.PaymentPageTest" name="verifyingEditPhoneNumberInBillingAddress" time="17.414"/>
  <system-out/>
  <testcase classname="testScripts.PaymentPageTest" name="verifyingGiftMessage" time="18.533"/>
  <system-out/>
  <testcase classname="testScripts.PaymentPageTest" name="verifyingCreditCardNumberInCompleteError" time="9.545"/>
  <system-out/>
  <testcase classname="testScripts.PaymentPageTest" name="verifyingCreditCardInCompleteCvvError" time="9.650"/>
  <system-out/>
  <testcase classname="testScripts.PaymentPageTest" name="verifyingPaginationOfProductsInPaymentPage" time="82.496"/>
  <system-out/>
  <testcase classname="testScripts.PaymentPageTest" name="verifyingCvvErrorInCreditCard" time="11.680"/>
  <system-out/>
  <testcase classname="testScripts.PaymentPageTest" name="verifyingRemovalOfAppliedGc" time="11.459"/>
  <system-out/>
  <testcase classname="testScripts.PaymentPageTest" name="verifyingCreditcardNumberInValidError" time="5.585"/>
  <system-out/>
  <testcase classname="testScripts.PaymentPageTest" name="verifyingCvvAndExpErrorInCreditCard" time="13.695"/>
  <system-out/>
  <testcase classname="testScripts.PaymentPageTest" name="verifyingEditShippingAddress" time="29.069"/>
  <system-out/>
  <testcase classname="testScripts.PaymentPageTest" name="verifyingEtgLogoDisplayInPaymentPage" time="2.072"/>
  <system-out/>
  <testcase classname="testScripts.PaymentPageTest" name="verifyingCreditCardInCompleteExpYearError" time="9.693"/>
  <system-out/>
  <testcase classname="testScripts.PaymentPageTest" name="verifyingAddnewCreditCard" time="2.102"/>
  <system-out/>
  <testcase classname="testScripts.PaymentPageTest" name="verifyingCheckBalanceOfInvalidGcErrorMsg" time="6.284"/>
  <system-out/>
  <testcase classname="testScripts.PaymentPageTest" name="verifyingTheCustomerInfoInPaymntPage" time="2.137"/>
  <system-out/>
  <testcase classname="testScripts.PaymentPageTest" name="verifyingSuccesMessageForValidGcApplied" time="7.327"/>
  <system-out/>
  <testcase classname="testScripts.PaymentPageTest" name="verifyingInvalidGcErrorMsg" time="6.400"/>
  <system-out/>
  <testcase classname="testScripts.PaymentPageTest" name="verifyingCheckBalanceOfValidGc" time="7.336"/>
  <system-out/>
  <testcase classname="testScripts.PaymentPageTest" name="verifyingPaymentInfoDisplayInPaymentPage" time="2.104"/>
  <system-out/>
  <testcase classname="testScripts.PaymentPageTest" name="verifyingAllTheErrorsInCreditCard" time="7.354"/>
  <system-out/>
</testsuite> <!-- testScripts.PaymentPageTest -->
