<?xml version="1.0" encoding="UTF-8"?>
<!-- Generated by org.testng.reporters.JUnitReportReporter -->
<testsuite hostname="DESKTOP-CPG5TUI" failures="0" tests="6" name="testScripts.LoginPageTest" time="63.620" errors="0" timestamp="2024-01-23T18:28:24 IST" skipped="0">
  <testcase classname="testScripts.LoginPageTest" name="VerifyingLoginFailureWithIncorrectCredentials" time="20.572"/>
  <system-out/>
  <testcase classname="testScripts.LoginPageTest" name="VerifyingLoginFailureWithInvalidEmailFormat" time="9.372"/>
  <system-out/>
  <testcase classname="testScripts.LoginPageTest" name="VerifyingLoginWithValidCredentials" time="9.671"/>
  <system-out/>
  <testcase classname="testScripts.LoginPageTest" name="VerifyingLoginFailureWithEmptyEmailAndPassword" time="5.238"/>
  <system-out/>
  <testcase classname="testScripts.LoginPageTest" name="VerifyingLoginFailureWithEmptyEmail" time="9.341"/>
  <system-out/>
  <testcase classname="testScripts.LoginPageTest" name="VerifyingLoginFailureWithEmptyPassword" time="9.426"/>
  <system-out/>
</testsuite> <!-- testScripts.LoginPageTest -->
