<?xml version="1.0" encoding="UTF-8"?>
<!-- Generated by org.testng.reporters.JUnitReportReporter -->
<testsuite hostname="Upendra" failures="0" tests="1" name="testScripts.OrderDetailsTests" time="170.344" errors="0" timestamp="2024-01-09T11:32:09 IST" skipped="0">
  <testcase classname="testScripts.OrderDetailsTests" name="VerifedThatOrderIsPlaced" time="170.344"/>
  <system-out/>
</testsuite> <!-- testScripts.OrderDetailsTests -->
