<?xml version="1.0" encoding="UTF-8"?>
<!-- Generated by org.testng.reporters.JUnitReportReporter -->
<testsuite hostname="DESKTOP-CPG5TUI" failures="0" tests="15" name="testScripts.ShippingPageTest" time="267.981" errors="0" timestamp="2024-02-12T14:22:10 IST" skipped="0">
  <testcase classname="testScripts.ShippingPageTest" name="verifyingNextPaymentButtonDisplayInShippingPageTasks_Page" time="0.148"/>
  <system-out/>
  <testcase classname="testScripts.ShippingPageTest" name="verifyingPaginationOfProductsInCheckOutPage2" time="39.483"/>
  <system-out/>
  <testcase classname="testScripts.ShippingPageTest" name="verifyingUpdateShippingAddressAndPlaceOrder" time="50.950"/>
  <system-out/>
  <testcase classname="testScripts.ShippingPageTest" name="verifyingTheCustomerInfoInCheckoutPage2" time="56.792"/>
  <system-out/>
  <testcase classname="testScripts.ShippingPageTest" name="verifyingTheAddressError" time="8.642"/>
  <system-out/>
  <testcase classname="testScripts.ShippingPageTest" name="verifyingAllErrorsInShippingForm" time="4.432"/>
  <system-out/>
  <testcase classname="testScripts.ShippingPageTest" name="verifyingAddNewShippingAddressAndPlaceOrder" time="0.070"/>
  <system-out/>
  <testcase classname="testScripts.ShippingPageTest" name="verifyingEditEmailFromShippingPageAndPlaceOrder" time="52.871"/>
  <system-out/>
  <testcase classname="testScripts.ShippingPageTest" name="verifyingTheErrorsInFirstName" time="11.997"/>
  <system-out/>
  <testcase classname="testScripts.ShippingPageTest" name="verifyingEtgLogoDisplayInShippingPageTasks_Page" time="0.088"/>
  <system-out/>
  <testcase classname="testScripts.ShippingPageTest" name="verifyingOrderSummaryDisplayInShippingPageTasks_Page" time="0.136"/>
  <system-out/>
  <testcase classname="testScripts.ShippingPageTest" name="verifyingphoneNumberError" time="11.853"/>
  <system-out/>
  <testcase classname="testScripts.ShippingPageTest" name="verifyingTheErrorsInLastName" time="11.950"/>
  <system-out/>
  <testcase classname="testScripts.ShippingPageTest" name="verifyingWithValidShippingAddress" time="9.858"/>
  <system-out/>
  <testcase classname="testScripts.ShippingPageTest" name="verifyingBackToCartFromShippingPage" time="8.711"/>
  <system-out/>
</testsuite> <!-- testScripts.ShippingPageTest -->
