<?xml version="1.0" encoding="UTF-8"?>
<!-- Generated by org.testng.reporters.JUnitReportReporter -->
<testsuite hostname="DESKTOP-CPG5TUI" failures="0" tests="7" name="testScripts.FooterPageTest" time="61.679" errors="0" timestamp="2024-01-19T16:16:53 IST" skipped="0">
  <testcase classname="testScripts.FooterPageTest" name="verifyTheErrorsRecipientEmailAndConfirmEmail" time="10.741"/>
  <system-out/>
  <testcase classname="testScripts.FooterPageTest" name="verifyingResourceFooterLinks" time="23.154"/>
  <system-out/>
  <testcase classname="testScripts.FooterPageTest" name="verifyingWithoutEnteringEmailInSignupBoxInFooter" time="0.010"/>
  <system-out/>
  <testcase classname="testScripts.FooterPageTest" name="verifyErrorsForConfirmMail" time="12.562"/>
  <system-out/>
  <testcase classname="testScripts.FooterPageTest" name="verifytheErrorsFromName_Recipients_confirmRecipientEMail" time="7.089"/>
  <system-out/>
  <testcase classname="testScripts.FooterPageTest" name="verifyinginvalidEmailInEmailSignUpBox" time="3.288"/>
  <system-out/>
  <testcase classname="testScripts.FooterPageTest" name="verifyErrorMsgsInGiftCard" time="4.835"/>
  <system-out/>
</testsuite> <!-- testScripts.FooterPageTest -->
